[01m[K/sim_ws/src/safety_node/src/safety_node.cpp:45:41:[m[K [01;31m[Kerror: [m[Kâ€˜[01m[KString[m[Kâ€™ is not a member of â€˜[01m[Kstd_msgs::msg[m[Kâ€™
   45 |     rclcpp::Subscription<std_msgs::msg::[01;31m[KString[m[K>::SharedPtr drive_subscription_;
      |                                         [01;31m[K^~~~~~[m[K
[01m[K/sim_ws/src/safety_node/src/safety_node.cpp:45:41:[m[K [01;31m[Kerror: [m[Kâ€˜[01m[KString[m[Kâ€™ is not a member of â€˜[01m[Kstd_msgs::msg[m[Kâ€™
[01m[K/sim_ws/src/safety_node/src/safety_node.cpp:45:47:[m[K [01;31m[Kerror: [m[Ktemplate argument 1 is invalid
   45 |     rclcpp::Subscription<std_msgs::msg::String[01;31m[K>[m[K::SharedPtr drive_subscription_;
      |                                               [01;31m[K^[m[K
[01m[K/sim_ws/src/safety_node/src/safety_node.cpp:45:47:[m[K [01;31m[Kerror: [m[Ktemplate argument 3 is invalid
[01m[K/sim_ws/src/safety_node/src/safety_node.cpp:45:50:[m[K [01;31m[Kerror: [m[Kexpected â€˜[01m[K;[m[Kâ€™ at end of member declaration
   45 |     rclcpp::Subscription<std_msgs::msg::String>::[01;31m[KSharedPtr[m[K drive_subscription_;
      |                                                  [01;31m[K^~~~~~~~~[m[K
      |                                                           [32m[K;[m[K
[01m[K/sim_ws/src/safety_node/src/safety_node.cpp:45:60:[m[K [01;31m[Kerror: [m[Kâ€˜[01m[Kdrive_subscription_[m[Kâ€™ does not name a type; did you mean â€˜[01m[Krcl_subscription_t[m[Kâ€™?
   45 |     rclcpp::Subscription<std_msgs::msg::String>::SharedPtr [01;31m[Kdrive_subscription_[m[K;
      |                                                            [01;31m[K^~~~~~~~~~~~~~~~~~~[m[K
      |                                                            [32m[Krcl_subscription_t[m[K
[01m[K/sim_ws/src/safety_node/src/safety_node.cpp:53:41:[m[K [01;31m[Kerror: [m[Kâ€˜[01m[KString[m[Kâ€™ is not a member of â€˜[01m[Kstd_msgs::msg[m[Kâ€™
   53 |     rclcpp::Subscription<std_msgs::msg::[01;31m[KString[m[K>::SharedPtr scan_subscription_;
      |                                         [01;31m[K^~~~~~[m[K
[01m[K/sim_ws/src/safety_node/src/safety_node.cpp:53:41:[m[K [01;31m[Kerror: [m[Kâ€˜[01m[KString[m[Kâ€™ is not a member of â€˜[01m[Kstd_msgs::msg[m[Kâ€™
[01m[K/sim_ws/src/safety_node/src/safety_node.cpp:53:47:[m[K [01;31m[Kerror: [m[Ktemplate argument 1 is invalid
   53 |     rclcpp::Subscription<std_msgs::msg::String[01;31m[K>[m[K::SharedPtr scan_subscription_;
      |                                               [01;31m[K^[m[K
[01m[K/sim_ws/src/safety_node/src/safety_node.cpp:53:47:[m[K [01;31m[Kerror: [m[Ktemplate argument 3 is invalid
[01m[K/sim_ws/src/safety_node/src/safety_node.cpp:53:50:[m[K [01;31m[Kerror: [m[Kexpected â€˜[01m[K;[m[Kâ€™ at end of member declaration
   53 |     rclcpp::Subscription<std_msgs::msg::String>::[01;31m[KSharedPtr[m[K scan_subscription_;
      |                                                  [01;31m[K^~~~~~~~~[m[K
      |                                                           [32m[K;[m[K
[01m[K/sim_ws/src/safety_node/src/safety_node.cpp:53:50:[m[K [01;31m[Kerror: [m[Kredeclaration of â€˜[01m[Kint Safety::SharedPtr[m[Kâ€™
[01m[K/sim_ws/src/safety_node/src/safety_node.cpp:45:50:[m[K [01;36m[Knote: [m[Kprevious declaration â€˜[01m[Kint Safety::SharedPtr[m[Kâ€™
   45 |     rclcpp::Subscription<std_msgs::msg::String>::[01;36m[KSharedPtr[m[K drive_subscription_;
      |                                                  [01;36m[K^~~~~~~~~[m[K
[01m[K/sim_ws/src/safety_node/src/safety_node.cpp:53:60:[m[K [01;31m[Kerror: [m[Kâ€˜[01m[Kscan_subscription_[m[Kâ€™ does not name a type; did you mean â€˜[01m[Krcl_subscription_t[m[Kâ€™?
   53 |     rclcpp::Subscription<std_msgs::msg::String>::SharedPtr [01;31m[Kscan_subscription_[m[K;
      |                                                            [01;31m[K^~~~~~~~~~~~~~~~~~[m[K
      |                                                            [32m[Krcl_subscription_t[m[K
[01m[K/sim_ws/src/safety_node/src/safety_node.cpp:63:38:[m[K [01;31m[Kerror: [m[Kâ€˜[01m[KString[m[Kâ€™ is not a member of â€˜[01m[Kstd_msgs::msg[m[Kâ€™
   63 |     rclcpp::Publisher<std_msgs::msg::[01;31m[KString[m[K>::SharedPtr drive_publisher_;
      |                                      [01;31m[K^~~~~~[m[K
[01m[K/sim_ws/src/safety_node/src/safety_node.cpp:63:38:[m[K [01;31m[Kerror: [m[Kâ€˜[01m[KString[m[Kâ€™ is not a member of â€˜[01m[Kstd_msgs::msg[m[Kâ€™
[01m[K/sim_ws/src/safety_node/src/safety_node.cpp:63:44:[m[K [01;31m[Kerror: [m[Ktemplate argument 1 is invalid
   63 |     rclcpp::Publisher<std_msgs::msg::String[01;31m[K>[m[K::SharedPtr drive_publisher_;
      |                                            [01;31m[K^[m[K
[01m[K/sim_ws/src/safety_node/src/safety_node.cpp:63:47:[m[K [01;31m[Kerror: [m[Kexpected â€˜[01m[K;[m[Kâ€™ at end of member declaration
   63 |     rclcpp::Publisher<std_msgs::msg::String>::[01;31m[KSharedPtr[m[K drive_publisher_;
      |                                               [01;31m[K^~~~~~~~~[m[K
      |                                                        [32m[K;[m[K
[01m[K/sim_ws/src/safety_node/src/safety_node.cpp:63:47:[m[K [01;31m[Kerror: [m[Kredeclaration of â€˜[01m[Kint Safety::SharedPtr[m[Kâ€™
[01m[K/sim_ws/src/safety_node/src/safety_node.cpp:45:50:[m[K [01;36m[Knote: [m[Kprevious declaration â€˜[01m[Kint Safety::SharedPtr[m[Kâ€™
   45 |     rclcpp::Subscription<std_msgs::msg::String>::[01;36m[KSharedPtr[m[K drive_subscription_;
      |                                                  [01;36m[K^~~~~~~~~[m[K
[01m[K/sim_ws/src/safety_node/src/safety_node.cpp:63:57:[m[K [01;31m[Kerror: [m[Kâ€˜[01m[Kdrive_publisher_[m[Kâ€™ does not name a type; did you mean â€˜[01m[Krcl_publisher_t[m[Kâ€™?
   63 |     rclcpp::Publisher<std_msgs::msg::String>::SharedPtr [01;31m[Kdrive_publisher_[m[K;
      |                                                         [01;31m[K^~~~~~~~~~~~~~~~[m[K
      |                                                         [32m[Krcl_publisher_t[m[K
[01m[K/sim_ws/src/safety_node/src/safety_node.cpp:[m[K In constructor â€˜[01m[KSafety::Safety()[m[Kâ€™:
[01m[K/sim_ws/src/safety_node/src/safety_node.cpp:30:9:[m[K [01;31m[Kerror: [m[Kâ€˜[01m[Kdrive_publisher_[m[Kâ€™ was not declared in this scope; did you mean â€˜[01m[Kcreate_publisher[m[Kâ€™?
   30 |         [01;31m[Kdrive_publisher_[m[K = this->create_publisher<ackermann_msgs::msg::ackermann_drive_stamped>("/drive", 10);
      |         [01;31m[K^~~~~~~~~~~~~~~~[m[K
      |         [32m[Kcreate_publisher[m[K
[01m[K/sim_ws/src/safety_node/src/safety_node.cpp:30:72:[m[K [01;31m[Kerror: [m[Kâ€˜[01m[Kackermann_drive_stamped[m[Kâ€™ is not a member of â€˜[01m[Kackermann_msgs::msg[m[Kâ€™; did you mean â€˜[01m[KAckermannDriveStamped[m[Kâ€™?
   30 |         drive_publisher_ = this->create_publisher<ackermann_msgs::msg::[01;31m[Kackermann_drive_stamped[m[K>("/drive", 10);
      |                                                                        [01;31m[K^~~~~~~~~~~~~~~~~~~~~~~[m[K
      |                                                                        [32m[KAckermannDriveStamped[m[K
[01m[K/sim_ws/src/safety_node/src/safety_node.cpp:30:72:[m[K [01;31m[Kerror: [m[Kâ€˜[01m[Kackermann_drive_stamped[m[Kâ€™ is not a member of â€˜[01m[Kackermann_msgs::msg[m[Kâ€™; did you mean â€˜[01m[KAckermannDriveStamped[m[Kâ€™?
   30 |         drive_publisher_ = this->create_publisher<ackermann_msgs::msg::[01;31m[Kackermann_drive_stamped[m[K>("/drive", 10);
      |                                                                        [01;31m[K^~~~~~~~~~~~~~~~~~~~~~~[m[K
      |                                                                        [32m[KAckermannDriveStamped[m[K
[01m[K/sim_ws/src/safety_node/src/safety_node.cpp:30:109:[m[K [01;31m[Kerror: [m[Kno matching function for call to â€˜[01m[KSafety::create_publisher<<expression error> >(const char [7], int)[m[Kâ€™
   30 | ate_publisher<ackermann_msgs::msg::ackermann_drive_stamped>("/drive", 10[01;31m[K)[m[K;
      |                                                                         [01;31m[K^[m[K

In file included from [01m[K/opt/ros/foxy/include/rclcpp/executors/single_threaded_executor.hpp:28[m[K,
                 from [01m[K/opt/ros/foxy/include/rclcpp/executors.hpp:22[m[K,
                 from [01m[K/opt/ros/foxy/include/rclcpp/rclcpp.hpp:146[m[K,
                 from [01m[K/sim_ws/src/safety_node/src/safety_node.cpp:1[m[K:
[01m[K/opt/ros/foxy/include/rclcpp/node.hpp:184:3:[m[K [01;36m[Knote: [m[Kcandidate: â€˜[01m[Ktemplate<class MessageT, class AllocatorT, class PublisherT> std::shared_ptr<PublisherT> rclcpp::Node::create_publisher(const string&, const rclcpp::QoS&, const rclcpp::PublisherOptionsWithAllocator<AllocatorT>&)[m[Kâ€™
  184 |   [01;36m[Kcreate_publisher[m[K(
      |   [01;36m[K^~~~~~~~~~~~~~~~[m[K
[01m[K/opt/ros/foxy/include/rclcpp/node.hpp:184:3:[m[K [01;36m[Knote: [m[K  template argument deduction/substitution failed:
[01m[K/sim_ws/src/safety_node/src/safety_node.cpp:30:109:[m[K [01;31m[Kerror: [m[Ktemplate argument 1 is invalid
   30 | ate_publisher<ackermann_msgs::msg::ackermann_drive_stamped>("/drive", 10[01;31m[K)[m[K;
      |                                                                         [01;31m[K^[m[K

[01m[K/sim_ws/src/safety_node/src/safety_node.cpp:33:9:[m[K [01;31m[Kerror: [m[Kâ€˜[01m[Kdrive_subscription_[m[Kâ€™ was not declared in this scope; did you mean â€˜[01m[Kcreate_subscription[m[Kâ€™?
   33 |         [01;31m[Kdrive_subscription_[m[K = this->create_subscription<nav_msgs::msg::Odometry>("/ego_racecar/odom", 10, std::bind(&Safety::drive_callback, this, _1));
      |         [01;31m[K^~~~~~~~~~~~~~~~~~~[m[K
      |         [32m[Kcreate_subscription[m[K
[01m[K/sim_ws/src/safety_node/src/safety_node.cpp:34:9:[m[K [01;31m[Kerror: [m[Kâ€˜[01m[Kscan_subscription_[m[Kâ€™ was not declared in this scope; did you mean â€˜[01m[Krcl_subscription_t[m[Kâ€™?
   34 |         [01;31m[Kscan_subscription_[m[K = this->create_subscription<sensor_msgs::msg::LaserScan>("/scan", 10, std::bind(&Safety::scan_callback, this, _1));
      |         [01;31m[K^~~~~~~~~~~~~~~~~~[m[K
      |         [32m[Krcl_subscription_t[m[K
[01m[K/sim_ws/src/safety_node/src/safety_node.cpp:[m[K In member function â€˜[01m[Kvoid Safety::drive_callback(nav_msgs::msg::Odometry_<std::allocator<void> >::ConstSharedPtr)[m[Kâ€™:
[01m[K/sim_ws/src/safety_node/src/safety_node.cpp:41:71:[m[K [01;35m[Kwarning: [m[Kunused parameter â€˜[01m[Kmsg[m[Kâ€™ [[01;35m[K-Wunused-parameter[m[K]
   41 |     void drive_callback([01;35m[Kconst nav_msgs::msg::Odometry::ConstSharedPtr msg[m[K)
      |                         [01;35m[K~~~~~~~~~~~~~~~~~~~~~~~~~~~~~~~~~~~~~~~~~~~~~~^~~[m[K
[01m[K/sim_ws/src/safety_node/src/safety_node.cpp:[m[K In member function â€˜[01m[Kvoid Safety::scan_callback(sensor_msgs::msg::LaserScan_<std::allocator<void> >::ConstSharedPtr)[m[Kâ€™:
[01m[K/sim_ws/src/safety_node/src/safety_node.cpp:47:74:[m[K [01;35m[Kwarning: [m[Kunused parameter â€˜[01m[Kscan_msg[m[Kâ€™ [[01;35m[K-Wunused-parameter[m[K]
   47 |     void scan_callback([01;35m[Kconst sensor_msgs::msg::LaserScan::ConstSharedPtr scan_msg[m[K)
      |                        [01;35m[K~~~~~~~~~~~~~~~~~~~~~~~~~~~~~~~~~~~~~~~~~~~~~~~~~~^~~~~~~~[m[K
make[2]: *** [CMakeFiles/safety_node.dir/build.make:63: CMakeFiles/safety_node.dir/src/safety_node.cpp.o] Error 1
make[1]: *** [CMakeFiles/Makefile2:78: CMakeFiles/safety_node.dir/all] Error 2
make: *** [Makefile:141: all] Error 2
