[0.726s] Invoking command in '/sim_ws/build/safety_node': CMAKE_PREFIX_PATH=/sim_ws/install/f1tenth_gym_ros:/opt/ros/foxy /usr/bin/cmake --build /sim_ws/build/safety_node -- -j4 -l4
[0.955s] [ 50%] [32mBuilding CXX object CMakeFiles/safety_node.dir/src/safety_node.cpp.o[0m
[5.767s] [01m[K/sim_ws/src/safety_node/src/safety_node.cpp:45:41:[m[K [01;31m[Kerror: [m[Kâ€˜[01m[KString[m[Kâ€™ is not a member of â€˜[01m[Kstd_msgs::msg[m[Kâ€™
[5.767s]    45 |     rclcpp::Subscription<std_msgs::msg::[01;31m[KString[m[K>::SharedPtr drive_subscription_;
[5.767s]       |                                         [01;31m[K^~~~~~[m[K
[5.769s] [01m[K/sim_ws/src/safety_node/src/safety_node.cpp:45:41:[m[K [01;31m[Kerror: [m[Kâ€˜[01m[KString[m[Kâ€™ is not a member of â€˜[01m[Kstd_msgs::msg[m[Kâ€™
[5.769s] [01m[K/sim_ws/src/safety_node/src/safety_node.cpp:45:47:[m[K [01;31m[Kerror: [m[Ktemplate argument 1 is invalid
[5.770s]    45 |     rclcpp::Subscription<std_msgs::msg::String[01;31m[K>[m[K::SharedPtr drive_subscription_;
[5.770s]       |                                               [01;31m[K^[m[K
[5.770s] [01m[K/sim_ws/src/safety_node/src/safety_node.cpp:45:47:[m[K [01;31m[Kerror: [m[Ktemplate argument 3 is invalid
[5.770s] [01m[K/sim_ws/src/safety_node/src/safety_node.cpp:45:50:[m[K [01;31m[Kerror: [m[Kexpected â€˜[01m[K;[m[Kâ€™ at end of member declaration
[5.771s]    45 |     rclcpp::Subscription<std_msgs::msg::String>::[01;31m[KSharedPtr[m[K drive_subscription_;
[5.771s]       |                                                  [01;31m[K^~~~~~~~~[m[K
[5.771s]       |                                                           [32m[K;[m[K
[5.775s] [01m[K/sim_ws/src/safety_node/src/safety_node.cpp:45:60:[m[K [01;31m[Kerror: [m[Kâ€˜[01m[Kdrive_subscription_[m[Kâ€™ does not name a type; did you mean â€˜[01m[Krcl_subscription_t[m[Kâ€™?
[5.775s]    45 |     rclcpp::Subscription<std_msgs::msg::String>::SharedPtr [01;31m[Kdrive_subscription_[m[K;
[5.775s]       |                                                            [01;31m[K^~~~~~~~~~~~~~~~~~~[m[K
[5.775s]       |                                                            [32m[Krcl_subscription_t[m[K
[5.777s] [01m[K/sim_ws/src/safety_node/src/safety_node.cpp:53:41:[m[K [01;31m[Kerror: [m[Kâ€˜[01m[KString[m[Kâ€™ is not a member of â€˜[01m[Kstd_msgs::msg[m[Kâ€™
[5.777s]    53 |     rclcpp::Subscription<std_msgs::msg::[01;31m[KString[m[K>::SharedPtr scan_subscription_;
[5.777s]       |                                         [01;31m[K^~~~~~[m[K
[5.778s] [01m[K/sim_ws/src/safety_node/src/safety_node.cpp:53:41:[m[K [01;31m[Kerror: [m[Kâ€˜[01m[KString[m[Kâ€™ is not a member of â€˜[01m[Kstd_msgs::msg[m[Kâ€™
[5.778s] [01m[K/sim_ws/src/safety_node/src/safety_node.cpp:53:47:[m[K [01;31m[Kerror: [m[Ktemplate argument 1 is invalid
[5.778s]    53 |     rclcpp::Subscription<std_msgs::msg::String[01;31m[K>[m[K::SharedPtr scan_subscription_;
[5.779s]       |                                               [01;31m[K^[m[K
[5.779s] [01m[K/sim_ws/src/safety_node/src/safety_node.cpp:53:47:[m[K [01;31m[Kerror: [m[Ktemplate argument 3 is invalid
[5.779s] [01m[K/sim_ws/src/safety_node/src/safety_node.cpp:53:50:[m[K [01;31m[Kerror: [m[Kexpected â€˜[01m[K;[m[Kâ€™ at end of member declaration
[5.780s]    53 |     rclcpp::Subscription<std_msgs::msg::String>::[01;31m[KSharedPtr[m[K scan_subscription_;
[5.780s]       |                                                  [01;31m[K^~~~~~~~~[m[K
[5.780s]       |                                                           [32m[K;[m[K
[5.780s] [01m[K/sim_ws/src/safety_node/src/safety_node.cpp:53:50:[m[K [01;31m[Kerror: [m[Kredeclaration of â€˜[01m[Kint Safety::SharedPtr[m[Kâ€™
[5.781s] [01m[K/sim_ws/src/safety_node/src/safety_node.cpp:45:50:[m[K [01;36m[Knote: [m[Kprevious declaration â€˜[01m[Kint Safety::SharedPtr[m[Kâ€™
[5.781s]    45 |     rclcpp::Subscription<std_msgs::msg::String>::[01;36m[KSharedPtr[m[K drive_subscription_;
[5.781s]       |                                                  [01;36m[K^~~~~~~~~[m[K
[5.784s] [01m[K/sim_ws/src/safety_node/src/safety_node.cpp:53:60:[m[K [01;31m[Kerror: [m[Kâ€˜[01m[Kscan_subscription_[m[Kâ€™ does not name a type; did you mean â€˜[01m[Krcl_subscription_t[m[Kâ€™?
[5.784s]    53 |     rclcpp::Subscription<std_msgs::msg::String>::SharedPtr [01;31m[Kscan_subscription_[m[K;
[5.785s]       |                                                            [01;31m[K^~~~~~~~~~~~~~~~~~[m[K
[5.785s]       |                                                            [32m[Krcl_subscription_t[m[K
[5.787s] [01m[K/sim_ws/src/safety_node/src/safety_node.cpp:63:38:[m[K [01;31m[Kerror: [m[Kâ€˜[01m[KString[m[Kâ€™ is not a member of â€˜[01m[Kstd_msgs::msg[m[Kâ€™
[5.787s]    63 |     rclcpp::Publisher<std_msgs::msg::[01;31m[KString[m[K>::SharedPtr drive_publisher_;
[5.787s]       |                                      [01;31m[K^~~~~~[m[K
[5.788s] [01m[K/sim_ws/src/safety_node/src/safety_node.cpp:63:38:[m[K [01;31m[Kerror: [m[Kâ€˜[01m[KString[m[Kâ€™ is not a member of â€˜[01m[Kstd_msgs::msg[m[Kâ€™
[5.788s] [01m[K/sim_ws/src/safety_node/src/safety_node.cpp:63:44:[m[K [01;31m[Kerror: [m[Ktemplate argument 1 is invalid
[5.789s]    63 |     rclcpp::Publisher<std_msgs::msg::String[01;31m[K>[m[K::SharedPtr drive_publisher_;
[5.789s]       |                                            [01;31m[K^[m[K
[5.789s] [01m[K/sim_ws/src/safety_node/src/safety_node.cpp:63:47:[m[K [01;31m[Kerror: [m[Kexpected â€˜[01m[K;[m[Kâ€™ at end of member declaration
[5.790s]    63 |     rclcpp::Publisher<std_msgs::msg::String>::[01;31m[KSharedPtr[m[K drive_publisher_;
[5.790s]       |                                               [01;31m[K^~~~~~~~~[m[K
[5.793s]       |                                                        [32m[K;[m[K
[5.793s] [01m[K/sim_ws/src/safety_node/src/safety_node.cpp:63:47:[m[K [01;31m[Kerror: [m[Kredeclaration of â€˜[01m[Kint Safety::SharedPtr[m[Kâ€™
[5.794s] [01m[K/sim_ws/src/safety_node/src/safety_node.cpp:45:50:[m[K [01;36m[Knote: [m[Kprevious declaration â€˜[01m[Kint Safety::SharedPtr[m[Kâ€™
[5.794s]    45 |     rclcpp::Subscription<std_msgs::msg::String>::[01;36m[KSharedPtr[m[K drive_subscription_;
[5.794s]       |                                                  [01;36m[K^~~~~~~~~[m[K
[5.800s] [01m[K/sim_ws/src/safety_node/src/safety_node.cpp:63:57:[m[K [01;31m[Kerror: [m[Kâ€˜[01m[Kdrive_publisher_[m[Kâ€™ does not name a type; did you mean â€˜[01m[Krcl_publisher_t[m[Kâ€™?
[5.800s]    63 |     rclcpp::Publisher<std_msgs::msg::String>::SharedPtr [01;31m[Kdrive_publisher_[m[K;
[5.801s]       |                                                         [01;31m[K^~~~~~~~~~~~~~~~[m[K
[5.801s]       |                                                         [32m[Krcl_publisher_t[m[K
[5.808s] [01m[K/sim_ws/src/safety_node/src/safety_node.cpp:[m[K In constructor â€˜[01m[KSafety::Safety()[m[Kâ€™:
[5.808s] [01m[K/sim_ws/src/safety_node/src/safety_node.cpp:30:9:[m[K [01;31m[Kerror: [m[Kâ€˜[01m[Kdrive_publisher_[m[Kâ€™ was not declared in this scope; did you mean â€˜[01m[Kcreate_publisher[m[Kâ€™?
[5.809s]    30 |         [01;31m[Kdrive_publisher_[m[K = this->create_publisher<ackermann_msgs::msg::ackermann_drive_stamped>("/drive", 10);
[5.809s]       |         [01;31m[K^~~~~~~~~~~~~~~~[m[K
[5.809s]       |         [32m[Kcreate_publisher[m[K
[5.809s] [01m[K/sim_ws/src/safety_node/src/safety_node.cpp:30:72:[m[K [01;31m[Kerror: [m[Kâ€˜[01m[Kackermann_drive_stamped[m[Kâ€™ is not a member of â€˜[01m[Kackermann_msgs::msg[m[Kâ€™; did you mean â€˜[01m[KAckermannDriveStamped[m[Kâ€™?
[5.810s]    30 |         drive_publisher_ = this->create_publisher<ackermann_msgs::msg::[01;31m[Kackermann_drive_stamped[m[K>("/drive", 10);
[5.810s]       |                                                                        [01;31m[K^~~~~~~~~~~~~~~~~~~~~~~[m[K
[5.810s]       |                                                                        [32m[KAckermannDriveStamped[m[K
[5.811s] [01m[K/sim_ws/src/safety_node/src/safety_node.cpp:30:72:[m[K [01;31m[Kerror: [m[Kâ€˜[01m[Kackermann_drive_stamped[m[Kâ€™ is not a member of â€˜[01m[Kackermann_msgs::msg[m[Kâ€™; did you mean â€˜[01m[KAckermannDriveStamped[m[Kâ€™?
[5.811s]    30 |         drive_publisher_ = this->create_publisher<ackermann_msgs::msg::[01;31m[Kackermann_drive_stamped[m[K>("/drive", 10);
[5.811s]       |                                                                        [01;31m[K^~~~~~~~~~~~~~~~~~~~~~~[m[K
[5.812s]       |                                                                        [32m[KAckermannDriveStamped[m[K
[5.812s] [01m[K/sim_ws/src/safety_node/src/safety_node.cpp:30:109:[m[K [01;31m[Kerror: [m[Kno matching function for call to â€˜[01m[KSafety::create_publisher<<expression error> >(const char [7], int)[m[Kâ€™
[5.813s]    30 | ate_publisher<ackermann_msgs::msg::ackermann_drive_stamped>("/drive", 10[01;31m[K)[m[K;
[5.813s]       |                                                                         [01;31m[K^[m[K
[5.813s] 
[5.814s] In file included from [01m[K/opt/ros/foxy/include/rclcpp/executors/single_threaded_executor.hpp:28[m[K,
[5.814s]                  from [01m[K/opt/ros/foxy/include/rclcpp/executors.hpp:22[m[K,
[5.814s]                  from [01m[K/opt/ros/foxy/include/rclcpp/rclcpp.hpp:146[m[K,
[5.815s]                  from [01m[K/sim_ws/src/safety_node/src/safety_node.cpp:1[m[K:
[5.815s] [01m[K/opt/ros/foxy/include/rclcpp/node.hpp:184:3:[m[K [01;36m[Knote: [m[Kcandidate: â€˜[01m[Ktemplate<class MessageT, class AllocatorT, class PublisherT> std::shared_ptr<PublisherT> rclcpp::Node::create_publisher(const string&, const rclcpp::QoS&, const rclcpp::PublisherOptionsWithAllocator<AllocatorT>&)[m[Kâ€™
[5.816s]   184 |   [01;36m[Kcreate_publisher[m[K(
[5.816s]       |   [01;36m[K^~~~~~~~~~~~~~~~[m[K
[5.816s] [01m[K/opt/ros/foxy/include/rclcpp/node.hpp:184:3:[m[K [01;36m[Knote: [m[K  template argument deduction/substitution failed:
[5.816s] [01m[K/sim_ws/src/safety_node/src/safety_node.cpp:30:109:[m[K [01;31m[Kerror: [m[Ktemplate argument 1 is invalid
[5.816s]    30 | ate_publisher<ackermann_msgs::msg::ackermann_drive_stamped>("/drive", 10[01;31m[K)[m[K;
[5.817s]       |                                                                         [01;31m[K^[m[K
[5.817s] 
[5.848s] [01m[K/sim_ws/src/safety_node/src/safety_node.cpp:33:9:[m[K [01;31m[Kerror: [m[Kâ€˜[01m[Kdrive_subscription_[m[Kâ€™ was not declared in this scope; did you mean â€˜[01m[Kcreate_subscription[m[Kâ€™?
[5.848s]    33 |         [01;31m[Kdrive_subscription_[m[K = this->create_subscription<nav_msgs::msg::Odometry>("/ego_racecar/odom", 10, std::bind(&Safety::drive_callback, this, _1));
[5.849s]       |         [01;31m[K^~~~~~~~~~~~~~~~~~~[m[K
[5.849s]       |         [32m[Kcreate_subscription[m[K
[5.897s] [01m[K/sim_ws/src/safety_node/src/safety_node.cpp:34:9:[m[K [01;31m[Kerror: [m[Kâ€˜[01m[Kscan_subscription_[m[Kâ€™ was not declared in this scope; did you mean â€˜[01m[Krcl_subscription_t[m[Kâ€™?
[5.898s]    34 |         [01;31m[Kscan_subscription_[m[K = this->create_subscription<sensor_msgs::msg::LaserScan>("/scan", 10, std::bind(&Safety::scan_callback, this, _1));
[5.898s]       |         [01;31m[K^~~~~~~~~~~~~~~~~~[m[K
[5.898s]       |         [32m[Krcl_subscription_t[m[K
[6.003s] [01m[K/sim_ws/src/safety_node/src/safety_node.cpp:[m[K In member function â€˜[01m[Kvoid Safety::drive_callback(nav_msgs::msg::Odometry_<std::allocator<void> >::ConstSharedPtr)[m[Kâ€™:
[6.003s] [01m[K/sim_ws/src/safety_node/src/safety_node.cpp:41:71:[m[K [01;35m[Kwarning: [m[Kunused parameter â€˜[01m[Kmsg[m[Kâ€™ [[01;35m[K-Wunused-parameter[m[K]
[6.003s]    41 |     void drive_callback([01;35m[Kconst nav_msgs::msg::Odometry::ConstSharedPtr msg[m[K)
[6.004s]       |                         [01;35m[K~~~~~~~~~~~~~~~~~~~~~~~~~~~~~~~~~~~~~~~~~~~~~~^~~[m[K
[6.051s] [01m[K/sim_ws/src/safety_node/src/safety_node.cpp:[m[K In member function â€˜[01m[Kvoid Safety::scan_callback(sensor_msgs::msg::LaserScan_<std::allocator<void> >::ConstSharedPtr)[m[Kâ€™:
[6.052s] [01m[K/sim_ws/src/safety_node/src/safety_node.cpp:47:74:[m[K [01;35m[Kwarning: [m[Kunused parameter â€˜[01m[Kscan_msg[m[Kâ€™ [[01;35m[K-Wunused-parameter[m[K]
[6.052s]    47 |     void scan_callback([01;35m[Kconst sensor_msgs::msg::LaserScan::ConstSharedPtr scan_msg[m[K)
[6.052s]       |                        [01;35m[K~~~~~~~~~~~~~~~~~~~~~~~~~~~~~~~~~~~~~~~~~~~~~~~~~~^~~~~~~~[m[K
[10.854s] make[2]: *** [CMakeFiles/safety_node.dir/build.make:63: CMakeFiles/safety_node.dir/src/safety_node.cpp.o] Error 1
[10.854s] make[1]: *** [CMakeFiles/Makefile2:78: CMakeFiles/safety_node.dir/all] Error 2
[10.855s] make: *** [Makefile:141: all] Error 2
[10.862s] Invoked command in '/sim_ws/build/safety_node' returned '2': CMAKE_PREFIX_PATH=/sim_ws/install/f1tenth_gym_ros:/opt/ros/foxy /usr/bin/cmake --build /sim_ws/build/safety_node -- -j4 -l4
