[35m[1mScanning dependencies of target wall_follow_node[0m
[ 50%] [32mBuilding CXX object CMakeFiles/wall_follow_node.dir/src/wall_follow_node.cpp.o[0m
[01m[K/sim_ws/src/wall_follow/src/wall_follow_node.cpp:39:29:[m[K [01;31m[Kerror: [m[Kâ€˜[01m[KParameterClient[m[Kâ€™ is not a member of â€˜[01m[Krclcpp[m[Kâ€™; did you mean â€˜[01m[KSyncParametersClient[m[Kâ€™?
   39 |     std::shared_ptr<rclcpp::[01;31m[KParameterClient[m[K> parameter_client_;
      |                             [01;31m[K^~~~~~~~~~~~~~~[m[K
      |                             [32m[KSyncParametersClient[m[K
[01m[K/sim_ws/src/wall_follow/src/wall_follow_node.cpp:39:29:[m[K [01;31m[Kerror: [m[Kâ€˜[01m[KParameterClient[m[Kâ€™ is not a member of â€˜[01m[Krclcpp[m[Kâ€™; did you mean â€˜[01m[KSyncParametersClient[m[Kâ€™?
   39 |     std::shared_ptr<rclcpp::[01;31m[KParameterClient[m[K> parameter_client_;
      |                             [01;31m[K^~~~~~~~~~~~~~~[m[K
      |                             [32m[KSyncParametersClient[m[K
[01m[K/sim_ws/src/wall_follow/src/wall_follow_node.cpp:39:44:[m[K [01;31m[Kerror: [m[Ktemplate argument 1 is invalid
   39 |     std::shared_ptr<rclcpp::ParameterClient[01;31m[K>[m[K parameter_client_;
      |                                            [01;31m[K^[m[K
[01m[K/sim_ws/src/wall_follow/src/wall_follow_node.cpp:[m[K In constructor â€˜[01m[KWallFollow::WallFollow()[m[Kâ€™:
[01m[K/sim_ws/src/wall_follow/src/wall_follow_node.cpp:18:54:[m[K [01;31m[Kerror: [m[Kâ€˜[01m[KParameterClient[m[Kâ€™ is not a member of â€˜[01m[Krclcpp[m[Kâ€™; did you mean â€˜[01m[KSyncParametersClient[m[Kâ€™?
   18 |         parameter_client_ = std::make_shared<rclcpp::[01;31m[KParameterClient[m[K>(this);
      |                                                      [01;31m[K^~~~~~~~~~~~~~~[m[K
      |                                                      [32m[KSyncParametersClient[m[K
[01m[K/sim_ws/src/wall_follow/src/wall_follow_node.cpp:18:54:[m[K [01;31m[Kerror: [m[Kâ€˜[01m[KParameterClient[m[Kâ€™ is not a member of â€˜[01m[Krclcpp[m[Kâ€™; did you mean â€˜[01m[KSyncParametersClient[m[Kâ€™?
   18 |         parameter_client_ = std::make_shared<rclcpp::[01;31m[KParameterClient[m[K>(this);
      |                                                      [01;31m[K^~~~~~~~~~~~~~~[m[K
      |                                                      [32m[KSyncParametersClient[m[K
[01m[K/sim_ws/src/wall_follow/src/wall_follow_node.cpp:18:75:[m[K [01;31m[Kerror: [m[Kno matching function for call to â€˜[01m[Kmake_shared<<expression error> >(WallFollow*)[m[Kâ€™
   18 |         parameter_client_ = std::make_shared<rclcpp::ParameterClient>(this[01;31m[K)[m[K;
      |                                                                           [01;31m[K^[m[K
In file included from [01m[K/usr/include/c++/9/memory:81[m[K,
                 from [01m[K/opt/ros/foxy/include/rclcpp/rclcpp.hpp:144[m[K,
                 from [01m[K/sim_ws/src/wall_follow/src/wall_follow_node.cpp:1[m[K:
[01m[K/usr/include/c++/9/bits/shared_ptr.h:714:5:[m[K [01;36m[Knote: [m[Kcandidate: â€˜[01m[Ktemplate<class _Tp, class ... _Args> std::shared_ptr<_Tp> std::make_shared(_Args&& ...)[m[Kâ€™
  714 |     [01;36m[Kmake_shared[m[K(_Args&&... __args)
      |     [01;36m[K^~~~~~~~~~~[m[K
[01m[K/usr/include/c++/9/bits/shared_ptr.h:714:5:[m[K [01;36m[Knote: [m[K  template argument deduction/substitution failed:
[01m[K/sim_ws/src/wall_follow/src/wall_follow_node.cpp:18:75:[m[K [01;31m[Kerror: [m[Ktemplate argument 1 is invalid
   18 |         parameter_client_ = std::make_shared<rclcpp::ParameterClient>(this[01;31m[K)[m[K;
      |                                                                           [01;31m[K^[m[K
make[2]: *** [CMakeFiles/wall_follow_node.dir/build.make:63: CMakeFiles/wall_follow_node.dir/src/wall_follow_node.cpp.o] Error 1
make[1]: *** [CMakeFiles/Makefile2:78: CMakeFiles/wall_follow_node.dir/all] Error 2
make: *** [Makefile:141: all] Error 2
