[0.423s] Invoking command in '/sim_ws/build/wall_follow': CMAKE_PREFIX_PATH=${CMAKE_PREFIX_PATH}:/sim_ws/install/f1tenth_gym_ros:/opt/ros/foxy /usr/bin/cmake --build /sim_ws/build/wall_follow -- -j4 -l4
[0.521s] [35m[1mScanning dependencies of target wall_follow_node[0m
[0.599s] [ 50%] [32mBuilding CXX object CMakeFiles/wall_follow_node.dir/src/wall_follow_node.cpp.o[0m
[4.044s] [01m[K/sim_ws/src/wall_follow/src/wall_follow_node.cpp:39:29:[m[K [01;31m[Kerror: [m[Kâ€˜[01m[KParameterClient[m[Kâ€™ is not a member of â€˜[01m[Krclcpp[m[Kâ€™; did you mean â€˜[01m[KSyncParametersClient[m[Kâ€™?
[4.044s]    39 |     std::shared_ptr<rclcpp::[01;31m[KParameterClient[m[K> parameter_client_;
[4.045s]       |                             [01;31m[K^~~~~~~~~~~~~~~[m[K
[4.045s]       |                             [32m[KSyncParametersClient[m[K
[4.045s] [01m[K/sim_ws/src/wall_follow/src/wall_follow_node.cpp:39:29:[m[K [01;31m[Kerror: [m[Kâ€˜[01m[KParameterClient[m[Kâ€™ is not a member of â€˜[01m[Krclcpp[m[Kâ€™; did you mean â€˜[01m[KSyncParametersClient[m[Kâ€™?
[4.045s]    39 |     std::shared_ptr<rclcpp::[01;31m[KParameterClient[m[K> parameter_client_;
[4.045s]       |                             [01;31m[K^~~~~~~~~~~~~~~[m[K
[4.045s]       |                             [32m[KSyncParametersClient[m[K
[4.046s] [01m[K/sim_ws/src/wall_follow/src/wall_follow_node.cpp:39:44:[m[K [01;31m[Kerror: [m[Ktemplate argument 1 is invalid
[4.046s]    39 |     std::shared_ptr<rclcpp::ParameterClient[01;31m[K>[m[K parameter_client_;
[4.046s]       |                                            [01;31m[K^[m[K
[4.078s] [01m[K/sim_ws/src/wall_follow/src/wall_follow_node.cpp:[m[K In constructor â€˜[01m[KWallFollow::WallFollow()[m[Kâ€™:
[4.079s] [01m[K/sim_ws/src/wall_follow/src/wall_follow_node.cpp:18:54:[m[K [01;31m[Kerror: [m[Kâ€˜[01m[KParameterClient[m[Kâ€™ is not a member of â€˜[01m[Krclcpp[m[Kâ€™; did you mean â€˜[01m[KSyncParametersClient[m[Kâ€™?
[4.079s]    18 |         parameter_client_ = std::make_shared<rclcpp::[01;31m[KParameterClient[m[K>(this);
[4.080s]       |                                                      [01;31m[K^~~~~~~~~~~~~~~[m[K
[4.080s]       |                                                      [32m[KSyncParametersClient[m[K
[4.080s] [01m[K/sim_ws/src/wall_follow/src/wall_follow_node.cpp:18:54:[m[K [01;31m[Kerror: [m[Kâ€˜[01m[KParameterClient[m[Kâ€™ is not a member of â€˜[01m[Krclcpp[m[Kâ€™; did you mean â€˜[01m[KSyncParametersClient[m[Kâ€™?
[4.081s]    18 |         parameter_client_ = std::make_shared<rclcpp::[01;31m[KParameterClient[m[K>(this);
[4.081s]       |                                                      [01;31m[K^~~~~~~~~~~~~~~[m[K
[4.081s]       |                                                      [32m[KSyncParametersClient[m[K
[4.082s] [01m[K/sim_ws/src/wall_follow/src/wall_follow_node.cpp:18:75:[m[K [01;31m[Kerror: [m[Kno matching function for call to â€˜[01m[Kmake_shared<<expression error> >(WallFollow*)[m[Kâ€™
[4.082s]    18 |         parameter_client_ = std::make_shared<rclcpp::ParameterClient>(this[01;31m[K)[m[K;
[4.082s]       |                                                                           [01;31m[K^[m[K
[4.083s] In file included from [01m[K/usr/include/c++/9/memory:81[m[K,
[4.083s]                  from [01m[K/opt/ros/foxy/include/rclcpp/rclcpp.hpp:144[m[K,
[4.084s]                  from [01m[K/sim_ws/src/wall_follow/src/wall_follow_node.cpp:1[m[K:
[4.084s] [01m[K/usr/include/c++/9/bits/shared_ptr.h:714:5:[m[K [01;36m[Knote: [m[Kcandidate: â€˜[01m[Ktemplate<class _Tp, class ... _Args> std::shared_ptr<_Tp> std::make_shared(_Args&& ...)[m[Kâ€™
[4.084s]   714 |     [01;36m[Kmake_shared[m[K(_Args&&... __args)
[4.085s]       |     [01;36m[K^~~~~~~~~~~[m[K
[4.085s] [01m[K/usr/include/c++/9/bits/shared_ptr.h:714:5:[m[K [01;36m[Knote: [m[K  template argument deduction/substitution failed:
[4.085s] [01m[K/sim_ws/src/wall_follow/src/wall_follow_node.cpp:18:75:[m[K [01;31m[Kerror: [m[Ktemplate argument 1 is invalid
[4.085s]    18 |         parameter_client_ = std::make_shared<rclcpp::ParameterClient>(this[01;31m[K)[m[K;
[4.085s]       |                                                                           [01;31m[K^[m[K
[7.627s] make[2]: *** [CMakeFiles/wall_follow_node.dir/build.make:63: CMakeFiles/wall_follow_node.dir/src/wall_follow_node.cpp.o] Error 1
[7.627s] make[1]: *** [CMakeFiles/Makefile2:78: CMakeFiles/wall_follow_node.dir/all] Error 2
[7.627s] make: *** [Makefile:141: all] Error 2
[7.635s] Invoked command in '/sim_ws/build/wall_follow' returned '2': CMAKE_PREFIX_PATH=${CMAKE_PREFIX_PATH}:/sim_ws/install/f1tenth_gym_ros:/opt/ros/foxy /usr/bin/cmake --build /sim_ws/build/wall_follow -- -j4 -l4
