[0.625s] Invoking command in '/sim_ws/build/safety_node': CMAKE_PREFIX_PATH=/sim_ws/install/f1tenth_gym_ros:/opt/ros/foxy /usr/bin/cmake --build /sim_ws/build/safety_node -- -j4 -l4
[0.790s] [35m[1mScanning dependencies of target safety_node[0m
[0.880s] [ 50%] [32mBuilding CXX object CMakeFiles/safety_node.dir/src/safety_node.cpp.o[0m
[5.538s] [01m[K/sim_ws/src/safety_node/src/safety_node.cpp:61:38:[m[K [01;31m[Kerror: [m[Kâ€˜[01m[KString[m[Kâ€™ is not a member of â€˜[01m[Kstd_msgs::msg[m[Kâ€™
[5.538s]    61 |     rclcpp::Publisher<std_msgs::msg::[01;31m[KString[m[K>::SharedPtr publisher_;
[5.538s]       |                                      [01;31m[K^~~~~~[m[K
[5.543s] [01m[K/sim_ws/src/safety_node/src/safety_node.cpp:61:38:[m[K [01;31m[Kerror: [m[Kâ€˜[01m[KString[m[Kâ€™ is not a member of â€˜[01m[Kstd_msgs::msg[m[Kâ€™
[5.543s] [01m[K/sim_ws/src/safety_node/src/safety_node.cpp:61:44:[m[K [01;31m[Kerror: [m[Ktemplate argument 1 is invalid
[5.544s]    61 |     rclcpp::Publisher<std_msgs::msg::String[01;31m[K>[m[K::SharedPtr publisher_;
[5.544s]       |                                            [01;31m[K^[m[K
[5.544s] [01m[K/sim_ws/src/safety_node/src/safety_node.cpp:61:47:[m[K [01;31m[Kerror: [m[Kexpected â€˜[01m[K;[m[Kâ€™ at end of member declaration
[5.544s]    61 |     rclcpp::Publisher<std_msgs::msg::String>::[01;31m[KSharedPtr[m[K publisher_;
[5.544s]       |                                               [01;31m[K^~~~~~~~~[m[K
[5.545s]       |                                                        [32m[K;[m[K
[5.553s] [01m[K/sim_ws/src/safety_node/src/safety_node.cpp:61:57:[m[K [01;31m[Kerror: [m[Kâ€˜[01m[Kpublisher_[m[Kâ€™ does not name a type; did you mean â€˜[01m[Krcl_publisher_t[m[Kâ€™?
[5.553s]    61 |     rclcpp::Publisher<std_msgs::msg::String>::SharedPtr [01;31m[Kpublisher_[m[K;
[5.553s]       |                                                         [01;31m[K^~~~~~~~~~[m[K
[5.554s]       |                                                         [32m[Krcl_publisher_t[m[K
[5.561s] [01m[K/sim_ws/src/safety_node/src/safety_node.cpp:[m[K In constructor â€˜[01m[KSafety::Safety()[m[Kâ€™:
[5.561s] [01m[K/sim_ws/src/safety_node/src/safety_node.cpp:30:9:[m[K [01;31m[Kerror: [m[Kâ€˜[01m[Kpublisher_[m[Kâ€™ was not declared in this scope; did you mean â€˜[01m[Krcl_publisher_t[m[Kâ€™?
[5.561s]    30 |         [01;31m[Kpublisher_[m[K = this->create_publisher<ackermann_msgs::msg::ackermann_drive_stamped>("/drive", 10);
[5.561s]       |         [01;31m[K^~~~~~~~~~[m[K
[5.561s]       |         [32m[Krcl_publisher_t[m[K
[5.562s] [01m[K/sim_ws/src/safety_node/src/safety_node.cpp:30:66:[m[K [01;31m[Kerror: [m[Kâ€˜[01m[Kackermann_drive_stamped[m[Kâ€™ is not a member of â€˜[01m[Kackermann_msgs::msg[m[Kâ€™; did you mean â€˜[01m[KAckermannDriveStamped[m[Kâ€™?
[5.568s]    30 |         publisher_ = this->create_publisher<ackermann_msgs::msg::[01;31m[Kackermann_drive_stamped[m[K>("/drive", 10);
[5.568s]       |                                                                  [01;31m[K^~~~~~~~~~~~~~~~~~~~~~~[m[K
[5.568s]       |                                                                  [32m[KAckermannDriveStamped[m[K
[5.568s] [01m[K/sim_ws/src/safety_node/src/safety_node.cpp:30:66:[m[K [01;31m[Kerror: [m[Kâ€˜[01m[Kackermann_drive_stamped[m[Kâ€™ is not a member of â€˜[01m[Kackermann_msgs::msg[m[Kâ€™; did you mean â€˜[01m[KAckermannDriveStamped[m[Kâ€™?
[5.568s]    30 |         publisher_ = this->create_publisher<ackermann_msgs::msg::[01;31m[Kackermann_drive_stamped[m[K>("/drive", 10);
[5.568s]       |                                                                  [01;31m[K^~~~~~~~~~~~~~~~~~~~~~~[m[K
[5.568s]       |                                                                  [32m[KAckermannDriveStamped[m[K
[5.569s] [01m[K/sim_ws/src/safety_node/src/safety_node.cpp:30:103:[m[K [01;31m[Kerror: [m[Kno matching function for call to â€˜[01m[KSafety::create_publisher<<expression error> >(const char [7], int)[m[Kâ€™
[5.569s]    30 | ate_publisher<ackermann_msgs::msg::ackermann_drive_stamped>("/drive", 10[01;31m[K)[m[K;
[5.569s]       |                                                                         [01;31m[K^[m[K
[5.569s] 
[5.569s] In file included from [01m[K/opt/ros/foxy/include/rclcpp/executors/single_threaded_executor.hpp:28[m[K,
[5.570s]                  from [01m[K/opt/ros/foxy/include/rclcpp/executors.hpp:22[m[K,
[5.571s]                  from [01m[K/opt/ros/foxy/include/rclcpp/rclcpp.hpp:146[m[K,
[5.572s]                  from [01m[K/sim_ws/src/safety_node/src/safety_node.cpp:1[m[K:
[5.572s] [01m[K/opt/ros/foxy/include/rclcpp/node.hpp:184:3:[m[K [01;36m[Knote: [m[Kcandidate: â€˜[01m[Ktemplate<class MessageT, class AllocatorT, class PublisherT> std::shared_ptr<PublisherT> rclcpp::Node::create_publisher(const string&, const rclcpp::QoS&, const rclcpp::PublisherOptionsWithAllocator<AllocatorT>&)[m[Kâ€™
[5.576s]   184 |   [01;36m[Kcreate_publisher[m[K(
[5.576s]       |   [01;36m[K^~~~~~~~~~~~~~~~[m[K
[5.576s] [01m[K/opt/ros/foxy/include/rclcpp/node.hpp:184:3:[m[K [01;36m[Knote: [m[K  template argument deduction/substitution failed:
[5.577s] [01m[K/sim_ws/src/safety_node/src/safety_node.cpp:30:103:[m[K [01;31m[Kerror: [m[Ktemplate argument 1 is invalid
[5.577s]    30 | ate_publisher<ackermann_msgs::msg::ackermann_drive_stamped>("/drive", 10[01;31m[K)[m[K;
[5.577s]       |                                                                         [01;31m[K^[m[K
[5.577s] 
[5.601s] [01m[K/sim_ws/src/safety_node/src/safety_node.cpp:33:9:[m[K [01;31m[Kerror: [m[Kâ€˜[01m[Ksubscription_[m[Kâ€™ was not declared in this scope; did you mean â€˜[01m[Krcl_subscription_t[m[Kâ€™?
[5.602s]    33 |         [01;31m[Ksubscription_[m[K = this->create_subscription<nav_msgs::msg::Odometry>("/ego_racecar/odom", 10, std::bind(&Safety::drive_callback, this, _1));
[5.602s]       |         [01;31m[K^~~~~~~~~~~~~[m[K
[5.602s]       |         [32m[Krcl_subscription_t[m[K
[5.680s] [01m[K/sim_ws/src/safety_node/src/safety_node.cpp:[m[K In member function â€˜[01m[Kvoid Safety::drive_callback(nav_msgs::msg::Odometry_<std::allocator<void> >::ConstSharedPtr)[m[Kâ€™:
[5.681s] [01m[K/sim_ws/src/safety_node/src/safety_node.cpp:41:71:[m[K [01;35m[Kwarning: [m[Kunused parameter â€˜[01m[Kmsg[m[Kâ€™ [[01;35m[K-Wunused-parameter[m[K]
[5.682s]    41 |     void drive_callback([01;35m[Kconst nav_msgs::msg::Odometry::ConstSharedPtr msg[m[K)
[5.683s]       |                         [01;35m[K~~~~~~~~~~~~~~~~~~~~~~~~~~~~~~~~~~~~~~~~~~~~~~^~~[m[K
[5.698s] [01m[K/sim_ws/src/safety_node/src/safety_node.cpp:[m[K In member function â€˜[01m[Kvoid Safety::scan_callback(sensor_msgs::msg::LaserScan_<std::allocator<void> >::ConstSharedPtr)[m[Kâ€™:
[5.698s] [01m[K/sim_ws/src/safety_node/src/safety_node.cpp:46:74:[m[K [01;35m[Kwarning: [m[Kunused parameter â€˜[01m[Kscan_msg[m[Kâ€™ [[01;35m[K-Wunused-parameter[m[K]
[5.698s]    46 |     void scan_callback([01;35m[Kconst sensor_msgs::msg::LaserScan::ConstSharedPtr scan_msg[m[K)
[5.699s]       |                        [01;35m[K~~~~~~~~~~~~~~~~~~~~~~~~~~~~~~~~~~~~~~~~~~~~~~~~~~^~~~~~~~[m[K
[12.576s] make[2]: *** [CMakeFiles/safety_node.dir/build.make:63: CMakeFiles/safety_node.dir/src/safety_node.cpp.o] Error 1
[12.577s] make[1]: *** [CMakeFiles/Makefile2:78: CMakeFiles/safety_node.dir/all] Error 2
[12.577s] make: *** [Makefile:141: all] Error 2
[12.585s] Invoked command in '/sim_ws/build/safety_node' returned '2': CMAKE_PREFIX_PATH=/sim_ws/install/f1tenth_gym_ros:/opt/ros/foxy /usr/bin/cmake --build /sim_ws/build/safety_node -- -j4 -l4
