[0.726s] Invoking command in '/sim_ws/build/safety_node': CMAKE_PREFIX_PATH=/sim_ws/install/f1tenth_gym_ros:/opt/ros/foxy /usr/bin/cmake --build /sim_ws/build/safety_node -- -j4 -l4
[1.114s] [ 50%] [32mBuilding CXX object CMakeFiles/safety_node.dir/src/safety_node.cpp.o[0m
[5.795s] [01m[K/sim_ws/src/safety_node/src/safety_node.cpp:[m[K In member function â€˜[01m[Kvoid Safety::drive_callback(nav_msgs::msg::Odometry_<std::allocator<void> >::ConstSharedPtr)[m[Kâ€™:
[5.796s] [01m[K/sim_ws/src/safety_node/src/safety_node.cpp:43:33:[m[K [01;31m[Kerror: [m[Kbase operand of â€˜[01m[K->[m[Kâ€™ has non-pointer type â€˜[01m[Kconst _twist_type[m[Kâ€™ {aka â€˜[01m[Kconst geometry_msgs::msg::TwistWithCovariance_<std::allocator<void> >[m[Kâ€™}
[5.796s]    43 |         speed = drive_msg->twist[01;31m[K->[m[Ktwist->linear->x;
[5.796s]       |                                 [01;31m[K^~[m[K
[5.809s] [01m[K/sim_ws/src/safety_node/src/safety_node.cpp:[m[K In member function â€˜[01m[Kvoid Safety::scan_callback(sensor_msgs::msg::LaserScan_<std::allocator<void> >::ConstSharedPtr)[m[Kâ€™:
[5.809s] [01m[K/sim_ws/src/safety_node/src/safety_node.cpp:65:29:[m[K [01;31m[Kerror: [m[Kâ€˜[01m[Ksize[m[Kâ€™ was not declared in this scope; did you mean â€˜[01m[Kdysize[m[Kâ€™?
[5.809s]    65 |         for (int i = 0; i < [01;31m[Ksize[m[K(ranges); i++) {
[5.810s]       |                             [01;31m[K^~~~[m[K
[5.810s]       |                             [32m[Kdysize[m[K
[5.815s] [01m[K/sim_ws/src/safety_node/src/safety_node.cpp:74:53:[m[K [01;31m[Kerror: [m[Kno matching function for call to â€˜[01m[Kmax(double&, int)[m[Kâ€™
[5.815s]    74 |                 auto ttc = range / max(range_rate, 0[01;31m[K)[m[K;
[5.815s]       |                                                     [01;31m[K^[m[K
[5.816s] In file included from [01m[K/usr/include/c++/9/memory:62[m[K,
[5.816s]                  from [01m[K/opt/ros/foxy/include/rclcpp/rclcpp.hpp:144[m[K,
[5.816s]                  from [01m[K/sim_ws/src/safety_node/src/safety_node.cpp:1[m[K:
[5.816s] [01m[K/usr/include/c++/9/bits/stl_algobase.h:222:5:[m[K [01;36m[Knote: [m[Kcandidate: â€˜[01m[Ktemplate<class _Tp> constexpr const _Tp& std::max(const _Tp&, const _Tp&)[m[Kâ€™
[5.816s]   222 |     [01;36m[Kmax[m[K(const _Tp& __a, const _Tp& __b)
[5.817s]       |     [01;36m[K^~~[m[K
[5.817s] [01m[K/usr/include/c++/9/bits/stl_algobase.h:222:5:[m[K [01;36m[Knote: [m[K  template argument deduction/substitution failed:
[5.817s] [01m[K/sim_ws/src/safety_node/src/safety_node.cpp:74:53:[m[K [01;36m[Knote: [m[K  deduced conflicting types for parameter â€˜[01m[Kconst _Tp[m[Kâ€™ (â€˜[01m[Kdouble[m[Kâ€™ and â€˜[01m[Kint[m[Kâ€™)
[5.817s]    74 |                 auto ttc = range / max(range_rate, 0[01;36m[K)[m[K;
[5.817s]       |                                                     [01;36m[K^[m[K
[5.817s] In file included from [01m[K/usr/include/c++/9/memory:62[m[K,
[5.818s]                  from [01m[K/opt/ros/foxy/include/rclcpp/rclcpp.hpp:144[m[K,
[5.827s]                  from [01m[K/sim_ws/src/safety_node/src/safety_node.cpp:1[m[K:
[5.827s] [01m[K/usr/include/c++/9/bits/stl_algobase.h:268:5:[m[K [01;36m[Knote: [m[Kcandidate: â€˜[01m[Ktemplate<class _Tp, class _Compare> constexpr const _Tp& std::max(const _Tp&, const _Tp&, _Compare)[m[Kâ€™
[5.827s]   268 |     [01;36m[Kmax[m[K(const _Tp& __a, const _Tp& __b, _Compare __comp)
[5.828s]       |     [01;36m[K^~~[m[K
[5.828s] [01m[K/usr/include/c++/9/bits/stl_algobase.h:268:5:[m[K [01;36m[Knote: [m[K  template argument deduction/substitution failed:
[5.828s] [01m[K/sim_ws/src/safety_node/src/safety_node.cpp:74:53:[m[K [01;36m[Knote: [m[K  deduced conflicting types for parameter â€˜[01m[Kconst _Tp[m[Kâ€™ (â€˜[01m[Kdouble[m[Kâ€™ and â€˜[01m[Kint[m[Kâ€™)
[5.828s]    74 |                 auto ttc = range / max(range_rate, 0[01;36m[K)[m[K;
[5.828s]       |                                                     [01;36m[K^[m[K
[5.829s] In file included from [01m[K/usr/include/c++/9/algorithm:62[m[K,
[5.829s]                  from [01m[K/opt/ros/foxy/include/rclcpp/executor.hpp:18[m[K,
[5.829s]                  from [01m[K/opt/ros/foxy/include/rclcpp/executors/multi_threaded_executor.hpp:26[m[K,
[5.829s]                  from [01m[K/opt/ros/foxy/include/rclcpp/executors.hpp:21[m[K,
[5.830s]                  from [01m[K/opt/ros/foxy/include/rclcpp/rclcpp.hpp:146[m[K,
[5.830s]                  from [01m[K/sim_ws/src/safety_node/src/safety_node.cpp:1[m[K:
[5.830s] [01m[K/usr/include/c++/9/bits/stl_algo.h:3462:5:[m[K [01;36m[Knote: [m[Kcandidate: â€˜[01m[Ktemplate<class _Tp> constexpr _Tp std::max(std::initializer_list<_Tp>)[m[Kâ€™
[5.830s]  3462 |     [01;36m[Kmax[m[K(initializer_list<_Tp> __l)
[5.831s]       |     [01;36m[K^~~[m[K
[5.831s] [01m[K/usr/include/c++/9/bits/stl_algo.h:3462:5:[m[K [01;36m[Knote: [m[K  template argument deduction/substitution failed:
[5.831s] [01m[K/sim_ws/src/safety_node/src/safety_node.cpp:74:53:[m[K [01;36m[Knote: [m[K  mismatched types â€˜[01m[Kstd::initializer_list<_Tp>[m[Kâ€™ and â€˜[01m[Kdouble[m[Kâ€™
[5.831s]    74 |                 auto ttc = range / max(range_rate, 0[01;36m[K)[m[K;
[5.832s]       |                                                     [01;36m[K^[m[K
[5.832s] In file included from [01m[K/usr/include/c++/9/algorithm:62[m[K,
[5.832s]                  from [01m[K/opt/ros/foxy/include/rclcpp/executor.hpp:18[m[K,
[5.832s]                  from [01m[K/opt/ros/foxy/include/rclcpp/executors/multi_threaded_executor.hpp:26[m[K,
[5.832s]                  from [01m[K/opt/ros/foxy/include/rclcpp/executors.hpp:21[m[K,
[5.833s]                  from [01m[K/opt/ros/foxy/include/rclcpp/rclcpp.hpp:146[m[K,
[5.833s]                  from [01m[K/sim_ws/src/safety_node/src/safety_node.cpp:1[m[K:
[5.833s] [01m[K/usr/include/c++/9/bits/stl_algo.h:3468:5:[m[K [01;36m[Knote: [m[Kcandidate: â€˜[01m[Ktemplate<class _Tp, class _Compare> constexpr _Tp std::max(std::initializer_list<_Tp>, _Compare)[m[Kâ€™
[5.834s]  3468 |     [01;36m[Kmax[m[K(initializer_list<_Tp> __l, _Compare __comp)
[5.834s]       |     [01;36m[K^~~[m[K
[5.834s] [01m[K/usr/include/c++/9/bits/stl_algo.h:3468:5:[m[K [01;36m[Knote: [m[K  template argument deduction/substitution failed:
[5.834s] [01m[K/sim_ws/src/safety_node/src/safety_node.cpp:74:53:[m[K [01;36m[Knote: [m[K  mismatched types â€˜[01m[Kstd::initializer_list<_Tp>[m[Kâ€™ and â€˜[01m[Kdouble[m[Kâ€™
[5.834s]    74 |                 auto ttc = range / max(range_rate, 0[01;36m[K)[m[K;
[5.834s]       |                                                     [01;36m[K^[m[K
[11.881s] make[2]: *** [CMakeFiles/safety_node.dir/build.make:63: CMakeFiles/safety_node.dir/src/safety_node.cpp.o] Error 1
[11.882s] make[1]: *** [CMakeFiles/Makefile2:78: CMakeFiles/safety_node.dir/all] Error 2
[11.882s] make: *** [Makefile:141: all] Error 2
[11.892s] Invoked command in '/sim_ws/build/safety_node' returned '2': CMAKE_PREFIX_PATH=/sim_ws/install/f1tenth_gym_ros:/opt/ros/foxy /usr/bin/cmake --build /sim_ws/build/safety_node -- -j4 -l4
