[01m[K/sim_ws/src/wall_follow/src/wall_follow_node.cpp:56:5:[m[K [01;31m[Kerror: [m[Kâ€˜[01m[Koptional[m[Kâ€™ does not name a type
   56 |     [01;31m[Koptional[m[K<double> get_range(const float* range_data, double angle, double angle_min, double angle_increment)
      |     [01;31m[K^~~~~~~~[m[K
[01m[K/sim_ws/src/wall_follow/src/wall_follow_node.cpp:90:5:[m[K [01;31m[Kerror: [m[Kâ€˜[01m[Koptional[m[Kâ€™ does not name a type
   90 |     [01;31m[Koptional[m[K<double> get_error(const float* range_data, double angle_min, double angle_increment)
      |     [01;31m[K^~~~~~~~[m[K
[01m[K/sim_ws/src/wall_follow/src/wall_follow_node.cpp:[m[K In member function â€˜[01m[Kvoid WallFollow::scan_callback(sensor_msgs::msg::LaserScan_<std::allocator<void> >::ConstSharedPtr)[m[Kâ€™:
[01m[K/sim_ws/src/wall_follow/src/wall_follow_node.cpp:175:24:[m[K [01;31m[Kerror: [m[Kâ€˜[01m[Kget_error[m[Kâ€™ was not declared in this scope; did you mean â€˜[01m[Kprev_error[m[Kâ€™?
  175 |         double error = [01;31m[Kget_error[m[K(scan_msg->ranges.data(), scan_msg->angle_min, scan_msg->angle_increment);
      |                        [01;31m[K^~~~~~~~~[m[K
      |                        [32m[Kprev_error[m[K
[01m[K/sim_ws/src/wall_follow/src/wall_follow_node.cpp:181:19:[m[K [01;31m[Kerror: [m[Krequest for member â€˜[01m[Khas_value[m[Kâ€™ in â€˜[01m[Kerror[m[Kâ€™, which is of non-class type â€˜[01m[Kdouble[m[Kâ€™
  181 |         if (error.[01;31m[Khas_value[m[K()) {
      |                   [01;31m[K^~~~~~~~~[m[K
make[2]: *** [CMakeFiles/wall_follow_node.dir/build.make:63: CMakeFiles/wall_follow_node.dir/src/wall_follow_node.cpp.o] Error 1
make[1]: *** [CMakeFiles/Makefile2:78: CMakeFiles/wall_follow_node.dir/all] Error 2
make: *** [Makefile:141: all] Error 2
