[0.683s] Invoking command in '/sim_ws/build/wall_follow': CMAKE_PREFIX_PATH=${CMAKE_PREFIX_PATH}:/sim_ws/install/f1tenth_gym_ros:/opt/ros/foxy /usr/bin/cmake --build /sim_ws/build/wall_follow -- -j4 -l4
[0.903s] [35m[1mScanning dependencies of target wall_follow_node[0m
[1.026s] [ 50%] [32mBuilding CXX object CMakeFiles/wall_follow_node.dir/src/wall_follow_node.cpp.o[0m
[4.020s] [01m[K/sim_ws/src/wall_follow/src/wall_follow_node.cpp:56:5:[m[K [01;31m[Kerror: [m[Kâ€˜[01m[Koptional[m[Kâ€™ does not name a type
[4.020s]    56 |     [01;31m[Koptional[m[K<double> get_range(const float* range_data, double angle, double angle_min, double angle_increment)
[4.020s]       |     [01;31m[K^~~~~~~~[m[K
[4.022s] [01m[K/sim_ws/src/wall_follow/src/wall_follow_node.cpp:90:5:[m[K [01;31m[Kerror: [m[Kâ€˜[01m[Koptional[m[Kâ€™ does not name a type
[4.022s]    90 |     [01;31m[Koptional[m[K<double> get_error(const float* range_data, double angle_min, double angle_increment)
[4.022s]       |     [01;31m[K^~~~~~~~[m[K
[4.070s] [01m[K/sim_ws/src/wall_follow/src/wall_follow_node.cpp:[m[K In member function â€˜[01m[Kvoid WallFollow::scan_callback(sensor_msgs::msg::LaserScan_<std::allocator<void> >::ConstSharedPtr)[m[Kâ€™:
[4.070s] [01m[K/sim_ws/src/wall_follow/src/wall_follow_node.cpp:175:24:[m[K [01;31m[Kerror: [m[Kâ€˜[01m[Kget_error[m[Kâ€™ was not declared in this scope; did you mean â€˜[01m[Kprev_error[m[Kâ€™?
[4.071s]   175 |         double error = [01;31m[Kget_error[m[K(scan_msg->ranges.data(), scan_msg->angle_min, scan_msg->angle_increment);
[4.071s]       |                        [01;31m[K^~~~~~~~~[m[K
[4.071s]       |                        [32m[Kprev_error[m[K
[4.071s] [01m[K/sim_ws/src/wall_follow/src/wall_follow_node.cpp:181:19:[m[K [01;31m[Kerror: [m[Krequest for member â€˜[01m[Khas_value[m[Kâ€™ in â€˜[01m[Kerror[m[Kâ€™, which is of non-class type â€˜[01m[Kdouble[m[Kâ€™
[4.071s]   181 |         if (error.[01;31m[Khas_value[m[K()) {
[4.071s]       |                   [01;31m[K^~~~~~~~~[m[K
[7.323s] make[2]: *** [CMakeFiles/wall_follow_node.dir/build.make:63: CMakeFiles/wall_follow_node.dir/src/wall_follow_node.cpp.o] Error 1
[7.324s] make[1]: *** [CMakeFiles/Makefile2:78: CMakeFiles/wall_follow_node.dir/all] Error 2
[7.328s] make: *** [Makefile:141: all] Error 2
[7.342s] Invoked command in '/sim_ws/build/wall_follow' returned '2': CMAKE_PREFIX_PATH=${CMAKE_PREFIX_PATH}:/sim_ws/install/f1tenth_gym_ros:/opt/ros/foxy /usr/bin/cmake --build /sim_ws/build/wall_follow -- -j4 -l4
