[0.649s] Invoking command in '/sim_ws/build/wall_follow': CMAKE_PREFIX_PATH=${CMAKE_PREFIX_PATH}:/sim_ws/install/f1tenth_gym_ros:/opt/ros/foxy /usr/bin/cmake --build /sim_ws/build/wall_follow -- -j4 -l4
[1.133s] [35m[1mScanning dependencies of target wall_follow_node[0m
[1.414s] [ 50%] [32mBuilding CXX object CMakeFiles/wall_follow_node.dir/src/wall_follow_node.cpp.o[0m
[7.968s] [01m[K/sim_ws/src/wall_follow/src/wall_follow_node.cpp:[m[K In constructor â€˜[01m[KWallFollow::WallFollow()[m[Kâ€™:
[7.970s] [01m[K/sim_ws/src/wall_follow/src/wall_follow_node.cpp:17:117:[m[K [01;31m[Kerror: [m[Kâ€˜[01m[KSafety[m[Kâ€™ has not been declared
[7.971s]    17 | sensor_msgs::msg::LaserScan>(lidarscan_topic, 10, std::bind(&[01;31m[KSafety[m[K::scan_callback, this, _1));
[7.971s]       |                                                              [01;31m[K^~~~~~[m[K
[7.971s] 
[7.978s] [01m[K/sim_ws/src/wall_follow/src/wall_follow_node.cpp:[m[K In member function â€˜[01m[Kdouble WallFollow::get_range(float*, double, double, double, double)[m[Kâ€™:
[7.979s] [01m[K/sim_ws/src/wall_follow/src/wall_follow_node.cpp:69:54:[m[K [01;35m[Kwarning: [m[Kdivision â€˜[01m[Ksizeof (float*) / sizeof (float)[m[Kâ€™ does not compute the number of array elements [[01;35m[K-Wsizeof-pointer-div[m[K]
[7.979s]    69 |         if (index >= 0 && index < [01;35m[Ksizeof(range_data) / sizeof(range_data[0])[m[K)
[7.979s]       |                                   [01;35m[K~~~~~~~~~~~~~~~~~~~^~~~~~~~~~~~~~~~~~~~~~~[m[K
[7.980s] [01m[K/sim_ws/src/wall_follow/src/wall_follow_node.cpp:48:29:[m[K [01;36m[Knote: [m[Kfirst â€˜[01m[Ksizeof[m[Kâ€™ operand was declared here
[7.980s]    48 |     double get_range([01;36m[Kfloat* range_data[m[K, double angle, double angle_min, double angle_max, double angle_increment)
[7.980s]       |                      [01;36m[K~~~~~~~^~~~~~~~~~[m[K
[7.981s] [01m[K/sim_ws/src/wall_follow/src/wall_follow_node.cpp:69:33:[m[K [01;35m[Kwarning: [m[Kcomparison of integer expressions of different signedness: â€˜[01m[Kint[m[Kâ€™ and â€˜[01m[Klong unsigned int[m[Kâ€™ [[01;35m[K-Wsign-compare[m[K]
[7.981s]    69 |         if (index >= 0 && [01;35m[Kindex < sizeof(range_data) / sizeof(range_data[0])[m[K)
[7.981s]       |                           [01;35m[K~~~~~~^~~~~~~~~~~~~~~~~~~~~~~~~~~~~~~~~~~~~~~~~~~~[m[K
[7.981s] [01m[K/sim_ws/src/wall_follow/src/wall_follow_node.cpp:48:80:[m[K [01;35m[Kwarning: [m[Kunused parameter â€˜[01m[Kangle_max[m[Kâ€™ [[01;35m[K-Wunused-parameter[m[K]
[7.981s]    48 | ge(float* range_data, double angle, double angle_min, [01;35m[Kdouble angle_max[m[K, double angle_increment)
[7.982s]       |                                                       [01;35m[K~~~~~~~^~~~~~~~~[m[K
[7.982s] 
[7.982s] [01m[K/sim_ws/src/wall_follow/src/wall_follow_node.cpp:[m[K In member function â€˜[01m[Kdouble WallFollow::get_error(float*, double, double, double)[m[Kâ€™:
[7.982s] [01m[K/sim_ws/src/wall_follow/src/wall_follow_node.cpp:98:86:[m[K [01;31m[Kerror: [m[Kno matching function for call to â€˜[01m[KWallFollow::get_range(float*&, double, double&, double&)[m[Kâ€™
[7.982s]    98 | ange(range_data, angle_min+M_PI/2, angle_max, angle_increment[01;31m[K)[m[K;
[7.983s]       |                                                              [01;31m[K^[m[K
[7.983s] 
[7.983s] [01m[K/sim_ws/src/wall_follow/src/wall_follow_node.cpp:48:12:[m[K [01;36m[Knote: [m[Kcandidate: â€˜[01m[Kdouble WallFollow::get_range(float*, double, double, double, double)[m[Kâ€™
[7.983s]    48 |     double [01;36m[Kget_range[m[K(float* range_data, double angle, double angle_min, double angle_max, double angle_increment)
[7.983s]       |            [01;36m[K^~~~~~~~~[m[K
[7.983s] [01m[K/sim_ws/src/wall_follow/src/wall_follow_node.cpp:48:12:[m[K [01;36m[Knote: [m[K  candidate expects 5 arguments, 4 provided
[7.984s] [01m[K/sim_ws/src/wall_follow/src/wall_follow_node.cpp:99:92:[m[K [01;31m[Kerror: [m[Kno matching function for call to â€˜[01m[KWallFollow::get_range(float*&, double, double&, double&)[m[Kâ€™
[7.984s]    99 | ange_data, angle_min+M_PI/2-theta, angle_max, angle_increment[01;31m[K)[m[K;
[7.984s]       |                                                              [01;31m[K^[m[K
[7.984s] 
[7.984s] [01m[K/sim_ws/src/wall_follow/src/wall_follow_node.cpp:48:12:[m[K [01;36m[Knote: [m[Kcandidate: â€˜[01m[Kdouble WallFollow::get_range(float*, double, double, double, double)[m[Kâ€™
[7.985s]    48 |     double [01;36m[Kget_range[m[K(float* range_data, double angle, double angle_min, double angle_max, double angle_increment)
[7.985s]       |            [01;36m[K^~~~~~~~~[m[K
[7.985s] [01m[K/sim_ws/src/wall_follow/src/wall_follow_node.cpp:48:12:[m[K [01;36m[Knote: [m[K  candidate expects 5 arguments, 4 provided
[7.997s] [01m[K/sim_ws/src/wall_follow/src/wall_follow_node.cpp:[m[K In member function â€˜[01m[Kvoid WallFollow::pid_control(double, double)[m[Kâ€™:
[7.997s] [01m[K/sim_ws/src/wall_follow/src/wall_follow_node.cpp:130:37:[m[K [01;31m[Kerror: [m[Kâ€˜[01m[Kprevious_error[m[Kâ€™ was not declared in this scope; did you mean â€˜[01m[Kprev_error[m[Kâ€™?
[7.997s]   130 |         double derivative = error - [01;31m[Kprevious_error[m[K;
[7.997s]       |                                     [01;31m[K^~~~~~~~~~~~~~[m[K
[7.997s]       |                                     [32m[Kprev_error[m[K
[8.045s] [01m[K/sim_ws/src/wall_follow/src/wall_follow_node.cpp:[m[K In member function â€˜[01m[Kvoid WallFollow::scan_callback(sensor_msgs::msg::LaserScan_<std::allocator<void> >::ConstSharedPtr)[m[Kâ€™:
[8.045s] [01m[K/sim_ws/src/wall_follow/src/wall_follow_node.cpp:167:43:[m[K [01;31m[Kerror: [m[Kâ€˜[01m[Kconst ConstSharedPtr[m[Kâ€™ {aka â€˜[01m[Kconst class std::shared_ptr<const sensor_msgs::msg::LaserScan_<std::allocator<void> > >[m[Kâ€™} has no member named â€˜[01m[Kranges[m[Kâ€™
[8.046s]   167 |         double error = get_error(scan_msg.[01;31m[Kranges[m[K, scan_msg.angle_min, scan_msg.angle_max, scan_msg.angle_increment)
[8.046s]       |                                           [01;31m[K^~~~~~[m[K
[8.046s] [01m[K/sim_ws/src/wall_follow/src/wall_follow_node.cpp:167:60:[m[K [01;31m[Kerror: [m[Kâ€˜[01m[Kconst ConstSharedPtr[m[Kâ€™ {aka â€˜[01m[Kconst class std::shared_ptr<const sensor_msgs::msg::LaserScan_<std::allocator<void> > >[m[Kâ€™} has no member named â€˜[01m[Kangle_min[m[Kâ€™
[8.046s]   167 |         double error = get_error(scan_msg.ranges, scan_msg.[01;31m[Kangle_min[m[K, scan_msg.angle_max, scan_msg.angle_increment)
[8.047s]       |                                                            [01;31m[K^~~~~~~~~[m[K
[8.047s] [01m[K/sim_ws/src/wall_follow/src/wall_follow_node.cpp:167:80:[m[K [01;31m[Kerror: [m[Kâ€˜[01m[Kconst ConstSharedPtr[m[Kâ€™ {aka â€˜[01m[Kconst class std::shared_ptr<const sensor_msgs::msg::LaserScan_<std::allocator<void> > >[m[Kâ€™} has no member named â€˜[01m[Kangle_max[m[Kâ€™
[8.047s]   167 | or = get_error(scan_msg.ranges, scan_msg.angle_min, scan_msg.[01;31m[Kangle_max[m[K, scan_msg.angle_increment)
[8.047s]       |                                                              [01;31m[K^~~~~~~~~[m[K
[8.047s] 
[8.048s] [01m[K/sim_ws/src/wall_follow/src/wall_follow_node.cpp:167:100:[m[K [01;31m[Kerror: [m[Kâ€˜[01m[Kconst ConstSharedPtr[m[Kâ€™ {aka â€˜[01m[Kconst class std::shared_ptr<const sensor_msgs::msg::LaserScan_<std::allocator<void> > >[m[Kâ€™} has no member named â€˜[01m[Kangle_increment[m[Kâ€™
[8.048s]   167 | n_msg.ranges, scan_msg.angle_min, scan_msg.angle_max, scan_msg.[01;31m[Kangle_increment[m[K)
[8.048s]       |                                                                [01;31m[K^~~~~~~~~~~~~~~[m[K
[8.048s] 
[8.063s] [01m[K/sim_ws/src/wall_follow/src/wall_follow_node.cpp:174:32:[m[K [01;31m[Kerror: [m[Kâ€˜[01m[Kvelocity[m[Kâ€™ was not declared in this scope
[8.063s]   174 |             pid_control(error, [01;31m[Kvelocity[m[K);
[8.064s]       |                                [01;31m[K^~~~~~~~[m[K
[11.129s] make[2]: *** [CMakeFiles/wall_follow_node.dir/build.make:63: CMakeFiles/wall_follow_node.dir/src/wall_follow_node.cpp.o] Error 1
[11.129s] make[1]: *** [CMakeFiles/Makefile2:78: CMakeFiles/wall_follow_node.dir/all] Error 2
[11.129s] make: *** [Makefile:141: all] Error 2
[11.136s] Invoked command in '/sim_ws/build/wall_follow' returned '2': CMAKE_PREFIX_PATH=${CMAKE_PREFIX_PATH}:/sim_ws/install/f1tenth_gym_ros:/opt/ros/foxy /usr/bin/cmake --build /sim_ws/build/wall_follow -- -j4 -l4
