[0.706s] Invoking command in '/sim_ws/build/safety_node': CMAKE_PREFIX_PATH=/sim_ws/install/f1tenth_gym_ros:/opt/ros/foxy /usr/bin/cmake --build /sim_ws/build/safety_node -- -j4 -l4
[0.931s] [35m[1mScanning dependencies of target safety_node[0m
[1.146s] [ 50%] [32mBuilding CXX object CMakeFiles/safety_node.dir/src/safety_node.cpp.o[0m
[5.833s] [01m[K/sim_ws/src/safety_node/src/safety_node.cpp:63:44:[m[K [01;31m[Kerror: [m[Kâ€˜[01m[Kackermann_drive_stamped[m[Kâ€™ is not a member of â€˜[01m[Kackermann_msgs::msg[m[Kâ€™; did you mean â€˜[01m[KAckermannDriveStamped[m[Kâ€™?
[5.834s]    63 |     rclcpp::Publisher<ackermann_msgs::msg::[01;31m[Kackermann_drive_stamped[m[K>::SharedPtr drive_publisher_;
[5.834s]       |                                            [01;31m[K^~~~~~~~~~~~~~~~~~~~~~~[m[K
[5.835s]       |                                            [32m[KAckermannDriveStamped[m[K
[5.835s] [01m[K/sim_ws/src/safety_node/src/safety_node.cpp:63:44:[m[K [01;31m[Kerror: [m[Kâ€˜[01m[Kackermann_drive_stamped[m[Kâ€™ is not a member of â€˜[01m[Kackermann_msgs::msg[m[Kâ€™; did you mean â€˜[01m[KAckermannDriveStamped[m[Kâ€™?
[5.835s]    63 |     rclcpp::Publisher<ackermann_msgs::msg::[01;31m[Kackermann_drive_stamped[m[K>::SharedPtr drive_publisher_;
[5.835s]       |                                            [01;31m[K^~~~~~~~~~~~~~~~~~~~~~~[m[K
[5.835s]       |                                            [32m[KAckermannDriveStamped[m[K
[5.836s] [01m[K/sim_ws/src/safety_node/src/safety_node.cpp:63:67:[m[K [01;31m[Kerror: [m[Ktemplate argument 1 is invalid
[5.836s]    63 |     rclcpp::Publisher<ackermann_msgs::msg::ackermann_drive_stamped[01;31m[K>[m[K::SharedPtr drive_publisher_;
[5.836s]       |                                                                   [01;31m[K^[m[K
[5.836s] [01m[K/sim_ws/src/safety_node/src/safety_node.cpp:63:70:[m[K [01;31m[Kerror: [m[Kexpected â€˜[01m[K;[m[Kâ€™ at end of member declaration
[5.837s]    63 |     rclcpp::Publisher<ackermann_msgs::msg::ackermann_drive_stamped>::[01;31m[KSharedPtr[m[K drive_publisher_;
[5.837s]       |                                                                      [01;31m[K^~~~~~~~~[m[K
[5.837s]       |                                                                               [32m[K;[m[K
[5.838s] [01m[K/sim_ws/src/safety_node/src/safety_node.cpp:63:80:[m[K [01;31m[Kerror: [m[Kâ€˜[01m[Kdrive_publisher_[m[Kâ€™ does not name a type; did you mean â€˜[01m[Krcl_publisher_t[m[Kâ€™?
[5.838s]    63 | lcpp::Publisher<ackermann_msgs::msg::ackermann_drive_stamped>::SharedPtr [01;31m[Kdrive_publisher_[m[K;
[5.838s]       |                                                                          [01;31m[K^~~~~~~~~~~~~~~~[m[K
[5.839s]       |                                                                          [32m[Krcl_publisher_t[m[K
[5.847s] [01m[K/sim_ws/src/safety_node/src/safety_node.cpp:[m[K In constructor â€˜[01m[KSafety::Safety()[m[Kâ€™:
[5.847s] [01m[K/sim_ws/src/safety_node/src/safety_node.cpp:30:9:[m[K [01;31m[Kerror: [m[Kâ€˜[01m[Kdrive_publisher_[m[Kâ€™ was not declared in this scope; did you mean â€˜[01m[Kcreate_publisher[m[Kâ€™?
[5.848s]    30 |         [01;31m[Kdrive_publisher_[m[K = this->create_publisher<ackermann_msgs::msg::ackermann_drive_stamped>("/drive", 10);
[5.848s]       |         [01;31m[K^~~~~~~~~~~~~~~~[m[K
[5.848s]       |         [32m[Kcreate_publisher[m[K
[5.848s] [01m[K/sim_ws/src/safety_node/src/safety_node.cpp:30:72:[m[K [01;31m[Kerror: [m[Kâ€˜[01m[Kackermann_drive_stamped[m[Kâ€™ is not a member of â€˜[01m[Kackermann_msgs::msg[m[Kâ€™; did you mean â€˜[01m[KAckermannDriveStamped[m[Kâ€™?
[5.848s]    30 |         drive_publisher_ = this->create_publisher<ackermann_msgs::msg::[01;31m[Kackermann_drive_stamped[m[K>("/drive", 10);
[5.849s]       |                                                                        [01;31m[K^~~~~~~~~~~~~~~~~~~~~~~[m[K
[5.849s]       |                                                                        [32m[KAckermannDriveStamped[m[K
[5.849s] [01m[K/sim_ws/src/safety_node/src/safety_node.cpp:30:72:[m[K [01;31m[Kerror: [m[Kâ€˜[01m[Kackermann_drive_stamped[m[Kâ€™ is not a member of â€˜[01m[Kackermann_msgs::msg[m[Kâ€™; did you mean â€˜[01m[KAckermannDriveStamped[m[Kâ€™?
[5.849s]    30 |         drive_publisher_ = this->create_publisher<ackermann_msgs::msg::[01;31m[Kackermann_drive_stamped[m[K>("/drive", 10);
[5.849s]       |                                                                        [01;31m[K^~~~~~~~~~~~~~~~~~~~~~~[m[K
[5.850s]       |                                                                        [32m[KAckermannDriveStamped[m[K
[5.850s] [01m[K/sim_ws/src/safety_node/src/safety_node.cpp:30:109:[m[K [01;31m[Kerror: [m[Kno matching function for call to â€˜[01m[KSafety::create_publisher<<expression error> >(const char [7], int)[m[Kâ€™
[5.850s]    30 | ate_publisher<ackermann_msgs::msg::ackermann_drive_stamped>("/drive", 10[01;31m[K)[m[K;
[5.850s]       |                                                                         [01;31m[K^[m[K
[5.850s] 
[5.851s] In file included from [01m[K/opt/ros/foxy/include/rclcpp/executors/single_threaded_executor.hpp:28[m[K,
[5.851s]                  from [01m[K/opt/ros/foxy/include/rclcpp/executors.hpp:22[m[K,
[5.851s]                  from [01m[K/opt/ros/foxy/include/rclcpp/rclcpp.hpp:146[m[K,
[5.851s]                  from [01m[K/sim_ws/src/safety_node/src/safety_node.cpp:1[m[K:
[5.851s] [01m[K/opt/ros/foxy/include/rclcpp/node.hpp:184:3:[m[K [01;36m[Knote: [m[Kcandidate: â€˜[01m[Ktemplate<class MessageT, class AllocatorT, class PublisherT> std::shared_ptr<PublisherT> rclcpp::Node::create_publisher(const string&, const rclcpp::QoS&, const rclcpp::PublisherOptionsWithAllocator<AllocatorT>&)[m[Kâ€™
[5.851s]   184 |   [01;36m[Kcreate_publisher[m[K(
[5.852s]       |   [01;36m[K^~~~~~~~~~~~~~~~[m[K
[5.852s] [01m[K/opt/ros/foxy/include/rclcpp/node.hpp:184:3:[m[K [01;36m[Knote: [m[K  template argument deduction/substitution failed:
[5.852s] [01m[K/sim_ws/src/safety_node/src/safety_node.cpp:30:109:[m[K [01;31m[Kerror: [m[Ktemplate argument 1 is invalid
[5.852s]    30 | ate_publisher<ackermann_msgs::msg::ackermann_drive_stamped>("/drive", 10[01;31m[K)[m[K;
[5.852s]       |                                                                         [01;31m[K^[m[K
[5.853s] 
[5.934s] [01m[K/sim_ws/src/safety_node/src/safety_node.cpp:[m[K In member function â€˜[01m[Kvoid Safety::drive_callback(nav_msgs::msg::Odometry_<std::allocator<void> >::ConstSharedPtr)[m[Kâ€™:
[5.935s] [01m[K/sim_ws/src/safety_node/src/safety_node.cpp:41:71:[m[K [01;35m[Kwarning: [m[Kunused parameter â€˜[01m[Kmsg[m[Kâ€™ [[01;35m[K-Wunused-parameter[m[K]
[5.935s]    41 |     void drive_callback([01;35m[Kconst nav_msgs::msg::Odometry::ConstSharedPtr msg[m[K)
[5.935s]       |                         [01;35m[K~~~~~~~~~~~~~~~~~~~~~~~~~~~~~~~~~~~~~~~~~~~~~~^~~[m[K
[5.944s] [01m[K/sim_ws/src/safety_node/src/safety_node.cpp:[m[K In member function â€˜[01m[Kvoid Safety::scan_callback(sensor_msgs::msg::LaserScan_<std::allocator<void> >::ConstSharedPtr)[m[Kâ€™:
[5.944s] [01m[K/sim_ws/src/safety_node/src/safety_node.cpp:47:74:[m[K [01;35m[Kwarning: [m[Kunused parameter â€˜[01m[Kscan_msg[m[Kâ€™ [[01;35m[K-Wunused-parameter[m[K]
[5.944s]    47 |     void scan_callback([01;35m[Kconst sensor_msgs::msg::LaserScan::ConstSharedPtr scan_msg[m[K)
[5.944s]       |                        [01;35m[K~~~~~~~~~~~~~~~~~~~~~~~~~~~~~~~~~~~~~~~~~~~~~~~~~~^~~~~~~~[m[K
[13.339s] make[2]: *** [CMakeFiles/safety_node.dir/build.make:63: CMakeFiles/safety_node.dir/src/safety_node.cpp.o] Error 1
[13.341s] make[1]: *** [CMakeFiles/Makefile2:78: CMakeFiles/safety_node.dir/all] Error 2
[13.342s] make: *** [Makefile:141: all] Error 2
[13.348s] Invoked command in '/sim_ws/build/safety_node' returned '2': CMAKE_PREFIX_PATH=/sim_ws/install/f1tenth_gym_ros:/opt/ros/foxy /usr/bin/cmake --build /sim_ws/build/safety_node -- -j4 -l4
