[1.713s] Invoking command in '/sim_ws/build/safety_node': CMAKE_PREFIX_PATH=/sim_ws/install/f1tenth_gym_ros:/opt/ros/foxy /usr/bin/cmake --build /sim_ws/build/safety_node -- -j4 -l4
[2.077s] [ 50%] [32mBuilding CXX object CMakeFiles/safety_node.dir/src/safety_node.cpp.o[0m
[9.232s] [01m[K/sim_ws/src/safety_node/src/safety_node.cpp:63:44:[m[K [01;31m[Kerror: [m[Kâ€˜[01m[Kackermann_drive_stamped[m[Kâ€™ is not a member of â€˜[01m[Kackermann_msgs::msg[m[Kâ€™; did you mean â€˜[01m[KAckermannDriveStamped[m[Kâ€™?
[9.233s]    63 |     rclcpp::Publisher<ackermann_msgs::msg::[01;31m[Kackermann_drive_stamped[m[K>::SharedPtr drive_publisher_;
[9.234s]       |                                            [01;31m[K^~~~~~~~~~~~~~~~~~~~~~~[m[K
[9.236s]       |                                            [32m[KAckermannDriveStamped[m[K
[9.237s] [01m[K/sim_ws/src/safety_node/src/safety_node.cpp:63:44:[m[K [01;31m[Kerror: [m[Kâ€˜[01m[Kackermann_drive_stamped[m[Kâ€™ is not a member of â€˜[01m[Kackermann_msgs::msg[m[Kâ€™; did you mean â€˜[01m[KAckermannDriveStamped[m[Kâ€™?
[9.238s]    63 |     rclcpp::Publisher<ackermann_msgs::msg::[01;31m[Kackermann_drive_stamped[m[K>::SharedPtr drive_publisher_;
[9.239s]       |                                            [01;31m[K^~~~~~~~~~~~~~~~~~~~~~~[m[K
[9.240s]       |                                            [32m[KAckermannDriveStamped[m[K
[9.242s] [01m[K/sim_ws/src/safety_node/src/safety_node.cpp:63:67:[m[K [01;31m[Kerror: [m[Ktemplate argument 1 is invalid
[9.243s]    63 |     rclcpp::Publisher<ackermann_msgs::msg::ackermann_drive_stamped[01;31m[K>[m[K::SharedPtr drive_publisher_;
[9.244s]       |                                                                   [01;31m[K^[m[K
[9.245s] [01m[K/sim_ws/src/safety_node/src/safety_node.cpp:63:70:[m[K [01;31m[Kerror: [m[Kexpected â€˜[01m[K;[m[Kâ€™ at end of member declaration
[9.246s]    63 |     rclcpp::Publisher<ackermann_msgs::msg::ackermann_drive_stamped>::[01;31m[KSharedPtr[m[K drive_publisher_;
[9.247s]       |                                                                      [01;31m[K^~~~~~~~~[m[K
[9.248s]       |                                                                               [32m[K;[m[K
[9.254s] [01m[K/sim_ws/src/safety_node/src/safety_node.cpp:63:80:[m[K [01;31m[Kerror: [m[Kâ€˜[01m[Kdrive_publisher_[m[Kâ€™ does not name a type; did you mean â€˜[01m[Krcl_publisher_t[m[Kâ€™?
[9.255s]    63 | lcpp::Publisher<ackermann_msgs::msg::ackermann_drive_stamped>::SharedPtr [01;31m[Kdrive_publisher_[m[K;
[9.256s]       |                                                                          [01;31m[K^~~~~~~~~~~~~~~~[m[K
[9.257s]       |                                                                          [32m[Krcl_publisher_t[m[K
[9.264s] [01m[K/sim_ws/src/safety_node/src/safety_node.cpp:[m[K In constructor â€˜[01m[KSafety::Safety()[m[Kâ€™:
[9.265s] [01m[K/sim_ws/src/safety_node/src/safety_node.cpp:30:9:[m[K [01;31m[Kerror: [m[Kâ€˜[01m[Kdrive_publisher_[m[Kâ€™ was not declared in this scope; did you mean â€˜[01m[Kcreate_publisher[m[Kâ€™?
[9.266s]    30 |         [01;31m[Kdrive_publisher_[m[K = this->create_publisher<ackermann_msgs::msg::ackermann_drive_stamped>("/drive", 10);
[9.266s]       |         [01;31m[K^~~~~~~~~~~~~~~~[m[K
[9.267s]       |         [32m[Kcreate_publisher[m[K
[9.268s] [01m[K/sim_ws/src/safety_node/src/safety_node.cpp:30:72:[m[K [01;31m[Kerror: [m[Kâ€˜[01m[Kackermann_drive_stamped[m[Kâ€™ is not a member of â€˜[01m[Kackermann_msgs::msg[m[Kâ€™; did you mean â€˜[01m[KAckermannDriveStamped[m[Kâ€™?
[9.269s]    30 |         drive_publisher_ = this->create_publisher<ackermann_msgs::msg::[01;31m[Kackermann_drive_stamped[m[K>("/drive", 10);
[9.270s]       |                                                                        [01;31m[K^~~~~~~~~~~~~~~~~~~~~~~[m[K
[9.271s]       |                                                                        [32m[KAckermannDriveStamped[m[K
[9.272s] [01m[K/sim_ws/src/safety_node/src/safety_node.cpp:30:72:[m[K [01;31m[Kerror: [m[Kâ€˜[01m[Kackermann_drive_stamped[m[Kâ€™ is not a member of â€˜[01m[Kackermann_msgs::msg[m[Kâ€™; did you mean â€˜[01m[KAckermannDriveStamped[m[Kâ€™?
[9.273s]    30 |         drive_publisher_ = this->create_publisher<ackermann_msgs::msg::[01;31m[Kackermann_drive_stamped[m[K>("/drive", 10);
[9.274s]       |                                                                        [01;31m[K^~~~~~~~~~~~~~~~~~~~~~~[m[K
[9.274s]       |                                                                        [32m[KAckermannDriveStamped[m[K
[9.275s] [01m[K/sim_ws/src/safety_node/src/safety_node.cpp:30:109:[m[K [01;31m[Kerror: [m[Kno matching function for call to â€˜[01m[KSafety::create_publisher<<expression error> >(const char [7], int)[m[Kâ€™
[9.275s]    30 | ate_publisher<ackermann_msgs::msg::ackermann_drive_stamped>("/drive", 10[01;31m[K)[m[K;
[9.275s]       |                                                                         [01;31m[K^[m[K
[9.275s] 
[9.280s] In file included from [01m[K/opt/ros/foxy/include/rclcpp/executors/single_threaded_executor.hpp:28[m[K,
[9.280s]                  from [01m[K/opt/ros/foxy/include/rclcpp/executors.hpp:22[m[K,
[9.280s]                  from [01m[K/opt/ros/foxy/include/rclcpp/rclcpp.hpp:146[m[K,
[9.281s]                  from [01m[K/sim_ws/src/safety_node/src/safety_node.cpp:1[m[K:
[9.281s] [01m[K/opt/ros/foxy/include/rclcpp/node.hpp:184:3:[m[K [01;36m[Knote: [m[Kcandidate: â€˜[01m[Ktemplate<class MessageT, class AllocatorT, class PublisherT> std::shared_ptr<PublisherT> rclcpp::Node::create_publisher(const string&, const rclcpp::QoS&, const rclcpp::PublisherOptionsWithAllocator<AllocatorT>&)[m[Kâ€™
[9.281s]   184 |   [01;36m[Kcreate_publisher[m[K(
[9.282s]       |   [01;36m[K^~~~~~~~~~~~~~~~[m[K
[9.282s] [01m[K/opt/ros/foxy/include/rclcpp/node.hpp:184:3:[m[K [01;36m[Knote: [m[K  template argument deduction/substitution failed:
[9.284s] [01m[K/sim_ws/src/safety_node/src/safety_node.cpp:30:109:[m[K [01;31m[Kerror: [m[Ktemplate argument 1 is invalid
[9.285s]    30 | ate_publisher<ackermann_msgs::msg::ackermann_drive_stamped>("/drive", 10[01;31m[K)[m[K;
[9.285s]       |                                                                         [01;31m[K^[m[K
[9.286s] 
[9.344s] [01m[K/sim_ws/src/safety_node/src/safety_node.cpp:[m[K In member function â€˜[01m[Kvoid Safety::drive_callback(nav_msgs::msg::Odometry_<std::allocator<void> >::ConstSharedPtr)[m[Kâ€™:
[9.345s] [01m[K/sim_ws/src/safety_node/src/safety_node.cpp:41:71:[m[K [01;35m[Kwarning: [m[Kunused parameter â€˜[01m[Kmsg[m[Kâ€™ [[01;35m[K-Wunused-parameter[m[K]
[9.345s]    41 |     void drive_callback([01;35m[Kconst nav_msgs::msg::Odometry::ConstSharedPtr msg[m[K)
[9.345s]       |                         [01;35m[K~~~~~~~~~~~~~~~~~~~~~~~~~~~~~~~~~~~~~~~~~~~~~~^~~[m[K
[9.349s] [01m[K/sim_ws/src/safety_node/src/safety_node.cpp:[m[K In member function â€˜[01m[Kvoid Safety::scan_callback(sensor_msgs::msg::LaserScan_<std::allocator<void> >::ConstSharedPtr)[m[Kâ€™:
[9.350s] [01m[K/sim_ws/src/safety_node/src/safety_node.cpp:47:74:[m[K [01;35m[Kwarning: [m[Kunused parameter â€˜[01m[Kscan_msg[m[Kâ€™ [[01;35m[K-Wunused-parameter[m[K]
[9.350s]    47 |     void scan_callback([01;35m[Kconst sensor_msgs::msg::LaserScan::ConstSharedPtr scan_msg[m[K)
[9.350s]       |                        [01;35m[K~~~~~~~~~~~~~~~~~~~~~~~~~~~~~~~~~~~~~~~~~~~~~~~~~~^~~~~~~~[m[K
[15.318s] make[2]: *** [CMakeFiles/safety_node.dir/build.make:63: CMakeFiles/safety_node.dir/src/safety_node.cpp.o] Error 1
[15.319s] make[1]: *** [CMakeFiles/Makefile2:78: CMakeFiles/safety_node.dir/all] Error 2
[15.320s] make: *** [Makefile:141: all] Error 2
[15.326s] Invoked command in '/sim_ws/build/safety_node' returned '2': CMAKE_PREFIX_PATH=/sim_ws/install/f1tenth_gym_ros:/opt/ros/foxy /usr/bin/cmake --build /sim_ws/build/safety_node -- -j4 -l4
