[01m[K/sim_ws/src/safety_node/src/safety_node.cpp:[m[K In member function â€˜[01m[Kvoid Safety::drive_callback(nav_msgs::msg::Odometry_<std::allocator<void> >::ConstSharedPtr)[m[Kâ€™:
[01m[K/sim_ws/src/safety_node/src/safety_node.cpp:43:33:[m[K [01;31m[Kerror: [m[Kbase operand of â€˜[01m[K->[m[Kâ€™ has non-pointer type â€˜[01m[Kconst _twist_type[m[Kâ€™ {aka â€˜[01m[Kconst geometry_msgs::msg::TwistWithCovariance_<std::allocator<void> >[m[Kâ€™}
   43 |         speed = drive_msg->twist[01;31m[K->[m[Ktwist->linear->x;
      |                                 [01;31m[K^~[m[K
[01m[K/sim_ws/src/safety_node/src/safety_node.cpp:[m[K In member function â€˜[01m[Kvoid Safety::scan_callback(sensor_msgs::msg::LaserScan_<std::allocator<void> >::ConstSharedPtr)[m[Kâ€™:
[01m[K/sim_ws/src/safety_node/src/safety_node.cpp:66:53:[m[K [01;31m[Kerror: [m[Kâ€˜[01m[Kfloat32[m[Kâ€™ was not declared in this scope; did you mean â€˜[01m[Kfloat_t[m[Kâ€™?
   66 |         for (int i = 0; i < sizeof(ranges) / sizeof([01;31m[Kfloat32[m[K); i++) {
      |                                                     [01;31m[K^~~~~~~[m[K
      |                                                     [32m[Kfloat_t[m[K
make[2]: *** [CMakeFiles/safety_node.dir/build.make:63: CMakeFiles/safety_node.dir/src/safety_node.cpp.o] Error 1
make[1]: *** [CMakeFiles/Makefile2:78: CMakeFiles/safety_node.dir/all] Error 2
make: *** [Makefile:141: all] Error 2
