[0.785s] Invoking command in '/sim_ws/build/safety_node': CMAKE_PREFIX_PATH=/sim_ws/install/f1tenth_gym_ros:/opt/ros/foxy /usr/bin/cmake --build /sim_ws/build/safety_node -- -j4 -l4
[1.156s] [35m[1mScanning dependencies of target safety_node[0m
[1.356s] [ 50%] [32mBuilding CXX object CMakeFiles/safety_node.dir/src/safety_node.cpp.o[0m
[6.689s] [01m[K/sim_ws/src/safety_node/src/safety_node.cpp:60:38:[m[K [01;31m[Kerror: [m[Kâ€˜[01m[KString[m[Kâ€™ is not a member of â€˜[01m[Kstd_msgs::msg[m[Kâ€™
[6.690s]    60 |     rclcpp::Publisher<std_msgs::msg::[01;31m[KString[m[K>::SharedPtr publisher_;
[6.690s]       |                                      [01;31m[K^~~~~~[m[K
[6.690s] [01m[K/sim_ws/src/safety_node/src/safety_node.cpp:60:38:[m[K [01;31m[Kerror: [m[Kâ€˜[01m[KString[m[Kâ€™ is not a member of â€˜[01m[Kstd_msgs::msg[m[Kâ€™
[6.696s] [01m[K/sim_ws/src/safety_node/src/safety_node.cpp:60:44:[m[K [01;31m[Kerror: [m[Ktemplate argument 1 is invalid
[6.696s]    60 |     rclcpp::Publisher<std_msgs::msg::String[01;31m[K>[m[K::SharedPtr publisher_;
[6.697s]       |                                            [01;31m[K^[m[K
[6.697s] [01m[K/sim_ws/src/safety_node/src/safety_node.cpp:60:47:[m[K [01;31m[Kerror: [m[Kexpected â€˜[01m[K;[m[Kâ€™ at end of member declaration
[6.697s]    60 |     rclcpp::Publisher<std_msgs::msg::String>::[01;31m[KSharedPtr[m[K publisher_;
[6.697s]       |                                               [01;31m[K^~~~~~~~~[m[K
[6.697s]       |                                                        [32m[K;[m[K
[6.729s] [01m[K/sim_ws/src/safety_node/src/safety_node.cpp:60:57:[m[K [01;31m[Kerror: [m[Kâ€˜[01m[Kpublisher_[m[Kâ€™ does not name a type; did you mean â€˜[01m[Krcl_publisher_t[m[Kâ€™?
[6.730s]    60 |     rclcpp::Publisher<std_msgs::msg::String>::SharedPtr [01;31m[Kpublisher_[m[K;
[6.730s]       |                                                         [01;31m[K^~~~~~~~~~[m[K
[6.730s]       |                                                         [32m[Krcl_publisher_t[m[K
[6.738s] [01m[K/sim_ws/src/safety_node/src/safety_node.cpp:[m[K In constructor â€˜[01m[KSafety::Safety()[m[Kâ€™:
[6.738s] [01m[K/sim_ws/src/safety_node/src/safety_node.cpp:29:9:[m[K [01;31m[Kerror: [m[Kâ€˜[01m[Kpublisher_[m[Kâ€™ was not declared in this scope; did you mean â€˜[01m[Krcl_publisher_t[m[Kâ€™?
[6.739s]    29 |         [01;31m[Kpublisher_[m[K = this->create_publisher<ackermann_msgs::msg::ackermann_drive_stamped>("/drive", 10);
[6.739s]       |         [01;31m[K^~~~~~~~~~[m[K
[6.739s]       |         [32m[Krcl_publisher_t[m[K
[6.739s] [01m[K/sim_ws/src/safety_node/src/safety_node.cpp:29:66:[m[K [01;31m[Kerror: [m[Kâ€˜[01m[Kackermann_drive_stamped[m[Kâ€™ is not a member of â€˜[01m[Kackermann_msgs::msg[m[Kâ€™; did you mean â€˜[01m[KAckermannDriveStamped[m[Kâ€™?
[6.739s]    29 |         publisher_ = this->create_publisher<ackermann_msgs::msg::[01;31m[Kackermann_drive_stamped[m[K>("/drive", 10);
[6.740s]       |                                                                  [01;31m[K^~~~~~~~~~~~~~~~~~~~~~~[m[K
[6.740s]       |                                                                  [32m[KAckermannDriveStamped[m[K
[6.740s] [01m[K/sim_ws/src/safety_node/src/safety_node.cpp:29:66:[m[K [01;31m[Kerror: [m[Kâ€˜[01m[Kackermann_drive_stamped[m[Kâ€™ is not a member of â€˜[01m[Kackermann_msgs::msg[m[Kâ€™; did you mean â€˜[01m[KAckermannDriveStamped[m[Kâ€™?
[6.741s]    29 |         publisher_ = this->create_publisher<ackermann_msgs::msg::[01;31m[Kackermann_drive_stamped[m[K>("/drive", 10);
[6.741s]       |                                                                  [01;31m[K^~~~~~~~~~~~~~~~~~~~~~~[m[K
[6.741s]       |                                                                  [32m[KAckermannDriveStamped[m[K
[6.741s] [01m[K/sim_ws/src/safety_node/src/safety_node.cpp:29:103:[m[K [01;31m[Kerror: [m[Kno matching function for call to â€˜[01m[KSafety::create_publisher<<expression error> >(const char [7], int)[m[Kâ€™
[6.741s]    29 | ate_publisher<ackermann_msgs::msg::ackermann_drive_stamped>("/drive", 10[01;31m[K)[m[K;
[6.741s]       |                                                                         [01;31m[K^[m[K
[6.742s] 
[6.742s] In file included from [01m[K/opt/ros/foxy/include/rclcpp/executors/single_threaded_executor.hpp:28[m[K,
[6.742s]                  from [01m[K/opt/ros/foxy/include/rclcpp/executors.hpp:22[m[K,
[6.742s]                  from [01m[K/opt/ros/foxy/include/rclcpp/rclcpp.hpp:146[m[K,
[6.742s]                  from [01m[K/sim_ws/src/safety_node/src/safety_node.cpp:1[m[K:
[6.743s] [01m[K/opt/ros/foxy/include/rclcpp/node.hpp:184:3:[m[K [01;36m[Knote: [m[Kcandidate: â€˜[01m[Ktemplate<class MessageT, class AllocatorT, class PublisherT> std::shared_ptr<PublisherT> rclcpp::Node::create_publisher(const string&, const rclcpp::QoS&, const rclcpp::PublisherOptionsWithAllocator<AllocatorT>&)[m[Kâ€™
[6.743s]   184 |   [01;36m[Kcreate_publisher[m[K(
[6.753s]       |   [01;36m[K^~~~~~~~~~~~~~~~[m[K
[6.753s] [01m[K/opt/ros/foxy/include/rclcpp/node.hpp:184:3:[m[K [01;36m[Knote: [m[K  template argument deduction/substitution failed:
[6.753s] [01m[K/sim_ws/src/safety_node/src/safety_node.cpp:29:103:[m[K [01;31m[Kerror: [m[Ktemplate argument 1 is invalid
[6.753s]    29 | ate_publisher<ackermann_msgs::msg::ackermann_drive_stamped>("/drive", 10[01;31m[K)[m[K;
[6.753s]       |                                                                         [01;31m[K^[m[K
[6.753s] 
[6.754s] [01m[K/sim_ws/src/safety_node/src/safety_node.cpp:30:42:[m[K [01;31m[Kerror: [m[Kunable to find numeric literal operator â€˜[01m[Koperator""ms[m[Kâ€™
[6.754s]    30 |         timer_ = this->create_wall_timer([01;31m[K500ms[m[K, std::bind(&MinimalPublisher::timer_callback, this));
[6.761s]       |                                          [01;31m[K^~~~~[m[K
[6.761s] [01m[K/sim_ws/src/safety_node/src/safety_node.cpp:30:60:[m[K [01;31m[Kerror: [m[Kâ€˜[01m[KMinimalPublisher[m[Kâ€™ has not been declared
[6.762s]    30 |         timer_ = this->create_wall_timer(500ms, std::bind(&[01;31m[KMinimalPublisher[m[K::timer_callback, this));
[6.762s]       |                                                            [01;31m[K^~~~~~~~~~~~~~~~[m[K
[6.762s] [01m[K/sim_ws/src/safety_node/src/safety_node.cpp:32:9:[m[K [01;31m[Kerror: [m[Kâ€˜[01m[Ksubscription_[m[Kâ€™ was not declared in this scope; did you mean â€˜[01m[Krcl_subscription_t[m[Kâ€™?
[6.762s]    32 |         [01;31m[Ksubscription_[m[K = this->create_subscription<nav_msgs::msg::Odometry>("/ego_racecar/odom", 10, std::bind(&MinimalSubscriber::drive_callback, this, _1));
[6.762s]       |         [01;31m[K^~~~~~~~~~~~~[m[K
[6.762s]       |         [32m[Krcl_subscription_t[m[K
[6.762s] [01m[K/sim_ws/src/safety_node/src/safety_node.cpp:32:112:[m[K [01;31m[Kerror: [m[Kâ€˜[01m[KMinimalSubscriber[m[Kâ€™ has not been declared
[6.763s]    32 | bscription<nav_msgs::msg::Odometry>("/ego_racecar/odom", 10, std::bind(&[01;31m[KMinimalSubscriber[m[K::drive_callback, this, _1));
[6.763s]       |                                                                         [01;31m[K^~~~~~~~~~~~~~~~~[m[K
[6.763s] 
[6.763s] [01m[K/sim_ws/src/safety_node/src/safety_node.cpp:32:153:[m[K [01;31m[Kerror: [m[Kâ€˜[01m[K_1[m[Kâ€™ was not declared in this scope; did you mean â€˜[01m[Kstd::placeholders::_1[m[Kâ€™?
[6.765s]    32 | _racecar/odom", 10, std::bind(&MinimalSubscriber::drive_callback, this, [01;31m[K_1[m[K));
[6.767s]       |                                                                         [01;31m[K^~[m[K
[6.776s]       |                                                                         [32m[Kstd::placeholders::_1[m[K
[6.776s] In file included from [01m[K/opt/ros/foxy/include/rclcpp/context.hpp:19[m[K,
[6.776s]                  from [01m[K/opt/ros/foxy/include/rclcpp/contexts/default_context.hpp:18[m[K,
[6.779s]                  from [01m[K/opt/ros/foxy/include/rclcpp/executor.hpp:32[m[K,
[6.779s]                  from [01m[K/opt/ros/foxy/include/rclcpp/executors/multi_threaded_executor.hpp:26[m[K,
[6.779s]                  from [01m[K/opt/ros/foxy/include/rclcpp/executors.hpp:21[m[K,
[6.780s]                  from [01m[K/opt/ros/foxy/include/rclcpp/rclcpp.hpp:146[m[K,
[6.780s]                  from [01m[K/sim_ws/src/safety_node/src/safety_node.cpp:1[m[K:
[6.780s] [01m[K/usr/include/c++/9/functional:211:34:[m[K [01;36m[Knote: [m[Kâ€˜[01m[Kstd::placeholders::_1[m[Kâ€™ declared here
[6.780s]   211 |     extern const _Placeholder<1> [01;36m[K_1[m[K;
[6.780s]       |                                  [01;36m[K^~[m[K
[6.781s] [01m[K/sim_ws/src/safety_node/src/safety_node.cpp:33:104:[m[K [01;31m[Kerror: [m[Kâ€˜[01m[KMinimalSubscriber[m[Kâ€™ has not been declared
[6.781s]    33 | reate_subscription<sensor_msgs::msg::LaserScan>("/scan", 10, std::bind(&[01;31m[KMinimalSubscriber[m[K::scan_callback, this, _1));
[6.781s]       |                                                                         [01;31m[K^~~~~~~~~~~~~~~~~[m[K
[6.781s] 
[6.781s] [01m[K/sim_ws/src/safety_node/src/safety_node.cpp:[m[K In member function â€˜[01m[Kvoid Safety::drive_callback(nav_msgs::msg::Odometry_<std::allocator<void> >::ConstSharedPtr)[m[Kâ€™:
[6.781s] [01m[K/sim_ws/src/safety_node/src/safety_node.cpp:40:71:[m[K [01;35m[Kwarning: [m[Kunused parameter â€˜[01m[Kmsg[m[Kâ€™ [[01;35m[K-Wunused-parameter[m[K]
[6.782s]    40 |     void drive_callback([01;35m[Kconst nav_msgs::msg::Odometry::ConstSharedPtr msg[m[K)
[6.782s]       |                         [01;35m[K~~~~~~~~~~~~~~~~~~~~~~~~~~~~~~~~~~~~~~~~~~~~~~^~~[m[K
[6.782s] [01m[K/sim_ws/src/safety_node/src/safety_node.cpp:[m[K In member function â€˜[01m[Kvoid Safety::scan_callback(sensor_msgs::msg::LaserScan_<std::allocator<void> >::ConstSharedPtr)[m[Kâ€™:
[6.782s] [01m[K/sim_ws/src/safety_node/src/safety_node.cpp:45:74:[m[K [01;35m[Kwarning: [m[Kunused parameter â€˜[01m[Kscan_msg[m[Kâ€™ [[01;35m[K-Wunused-parameter[m[K]
[6.782s]    45 |     void scan_callback([01;35m[Kconst sensor_msgs::msg::LaserScan::ConstSharedPtr scan_msg[m[K)
[6.782s]       |                        [01;35m[K~~~~~~~~~~~~~~~~~~~~~~~~~~~~~~~~~~~~~~~~~~~~~~~~~~^~~~~~~~[m[K
[6.783s] [01m[K/sim_ws/src/safety_node/src/safety_node.cpp:[m[K In member function â€˜[01m[Kvoid Safety::timer_callback()[m[Kâ€™:
[6.783s] [01m[K/sim_ws/src/safety_node/src/safety_node.cpp:54:37:[m[K [01;31m[Kerror: [m[Kâ€˜[01m[KString[m[Kâ€™ is not a member of â€˜[01m[Kstd_msgs::msg[m[Kâ€™
[6.783s]    54 |       auto message = std_msgs::msg::[01;31m[KString[m[K();
[6.783s]       |                                     [01;31m[K^~~~~~[m[K
[6.783s] [01m[K/sim_ws/src/safety_node/src/safety_node.cpp:57:7:[m[K [01;31m[Kerror: [m[Kâ€˜[01m[Kpublisher_[m[Kâ€™ was not declared in this scope; did you mean â€˜[01m[Krcl_publisher_t[m[Kâ€™?
[6.784s]    57 |       [01;31m[Kpublisher_[m[K->publish(message);
[6.784s]       |       [01;31m[K^~~~~~~~~~[m[K
[6.784s]       |       [32m[Krcl_publisher_t[m[K
[8.670s] make[2]: *** [CMakeFiles/safety_node.dir/build.make:63: CMakeFiles/safety_node.dir/src/safety_node.cpp.o] Error 1
[8.670s] make[1]: *** [CMakeFiles/Makefile2:78: CMakeFiles/safety_node.dir/all] Error 2
[8.670s] make: *** [Makefile:141: all] Error 2
[8.679s] Invoked command in '/sim_ws/build/safety_node' returned '2': CMAKE_PREFIX_PATH=/sim_ws/install/f1tenth_gym_ros:/opt/ros/foxy /usr/bin/cmake --build /sim_ws/build/safety_node -- -j4 -l4
