[35m[1mScanning dependencies of target wall_follow_node[0m
[ 50%] [32mBuilding CXX object CMakeFiles/wall_follow_node.dir/src/wall_follow_node.cpp.o[0m
[01m[K/sim_ws/src/wall_follow/src/wall_follow_node.cpp:42:5:[m[K [01;31m[Kerror: [m[Kâ€˜[01m[Kros[m[Kâ€™ does not name a type; did you mean â€˜[01m[Kcos[m[Kâ€™?
   42 |     [01;31m[Kros[m[K::Time t;
      |     [01;31m[K^~~[m[K
      |     [32m[Kcos[m[K
[01m[K/sim_ws/src/wall_follow/src/wall_follow_node.cpp:43:5:[m[K [01;31m[Kerror: [m[Kâ€˜[01m[Kros[m[Kâ€™ does not name a type; did you mean â€˜[01m[Kcos[m[Kâ€™?
   43 |     [01;31m[Kros[m[K::Time prev_t;
      |     [01;31m[K^~~[m[K
      |     [32m[Kcos[m[K
[01m[K/sim_ws/src/wall_follow/src/wall_follow_node.cpp:[m[K In member function â€˜[01m[Kdouble WallFollow::get_error(const float*, double, double)[m[Kâ€™:
[01m[K/sim_ws/src/wall_follow/src/wall_follow_node.cpp:105:9:[m[K [01;31m[Kerror: [m[Kâ€˜[01m[Kt[m[Kâ€™ was not declared in this scope; did you mean â€˜[01m[Ktm[m[Kâ€™?
  105 |         [01;31m[Kt[m[K = ros::Time::now();
      |         [01;31m[K^[m[K
      |         [32m[Ktm[m[K
[01m[K/sim_ws/src/wall_follow/src/wall_follow_node.cpp:105:13:[m[K [01;31m[Kerror: [m[Kâ€˜[01m[Kros[m[Kâ€™ has not been declared
  105 |         t = [01;31m[Kros[m[K::Time::now();
      |             [01;31m[K^~~[m[K
[01m[K/sim_ws/src/wall_follow/src/wall_follow_node.cpp:[m[K In member function â€˜[01m[Kvoid WallFollow::pid_control(double)[m[Kâ€™:
[01m[K/sim_ws/src/wall_follow/src/wall_follow_node.cpp:136:53:[m[K [01;31m[Kerror: [m[Kâ€˜[01m[Kt[m[Kâ€™ was not declared in this scope; did you mean â€˜[01m[Ktm[m[Kâ€™?
  136 |         double derivative = (error - prev_error) / ([01;31m[Kt[m[K-dt).toSec();
      |                                                     [01;31m[K^[m[K
      |                                                     [32m[Ktm[m[K
[01m[K/sim_ws/src/wall_follow/src/wall_follow_node.cpp:136:55:[m[K [01;31m[Kerror: [m[Kâ€˜[01m[Kdt[m[Kâ€™ was not declared in this scope
  136 |         double derivative = (error - prev_error) / (t-[01;31m[Kdt[m[K).toSec();
      |                                                       [01;31m[K^~[m[K
[01m[K/sim_ws/src/wall_follow/src/wall_follow_node.cpp:139:9:[m[K [01;31m[Kerror: [m[Kâ€˜[01m[Kprev_t[m[Kâ€™ was not declared in this scope; did you mean â€˜[01m[Kdev_t[m[Kâ€™?
  139 |         [01;31m[Kprev_t[m[K = t;
      |         [01;31m[K^~~~~~[m[K
      |         [32m[Kdev_t[m[K
make[2]: *** [CMakeFiles/wall_follow_node.dir/build.make:63: CMakeFiles/wall_follow_node.dir/src/wall_follow_node.cpp.o] Error 1
make[1]: *** [CMakeFiles/Makefile2:78: CMakeFiles/wall_follow_node.dir/all] Error 2
make: *** [Makefile:141: all] Error 2
