[1.751s] Invoking command in '/sim_ws/build/wall_follow': CMAKE_PREFIX_PATH=${CMAKE_PREFIX_PATH}:/sim_ws/install/f1tenth_gym_ros:/opt/ros/foxy /usr/bin/cmake --build /sim_ws/build/wall_follow -- -j4 -l4
[1.955s] [35m[1mScanning dependencies of target wall_follow_node[0m
[2.191s] [ 50%] [32mBuilding CXX object CMakeFiles/wall_follow_node.dir/src/wall_follow_node.cpp.o[0m
[7.044s] [01m[K/sim_ws/src/wall_follow/src/wall_follow_node.cpp:42:5:[m[K [01;31m[Kerror: [m[Kâ€˜[01m[Kros[m[Kâ€™ does not name a type; did you mean â€˜[01m[Kcos[m[Kâ€™?
[7.044s]    42 |     [01;31m[Kros[m[K::Time t;
[7.044s]       |     [01;31m[K^~~[m[K
[7.044s]       |     [32m[Kcos[m[K
[7.049s] [01m[K/sim_ws/src/wall_follow/src/wall_follow_node.cpp:43:5:[m[K [01;31m[Kerror: [m[Kâ€˜[01m[Kros[m[Kâ€™ does not name a type; did you mean â€˜[01m[Kcos[m[Kâ€™?
[7.050s]    43 |     [01;31m[Kros[m[K::Time prev_t;
[7.051s]       |     [01;31m[K^~~[m[K
[7.052s]       |     [32m[Kcos[m[K
[7.157s] [01m[K/sim_ws/src/wall_follow/src/wall_follow_node.cpp:[m[K In member function â€˜[01m[Kdouble WallFollow::get_error(const float*, double, double)[m[Kâ€™:
[7.157s] [01m[K/sim_ws/src/wall_follow/src/wall_follow_node.cpp:105:9:[m[K [01;31m[Kerror: [m[Kâ€˜[01m[Kt[m[Kâ€™ was not declared in this scope; did you mean â€˜[01m[Ktm[m[Kâ€™?
[7.158s]   105 |         [01;31m[Kt[m[K = ros::Time::now();
[7.158s]       |         [01;31m[K^[m[K
[7.158s]       |         [32m[Ktm[m[K
[7.158s] [01m[K/sim_ws/src/wall_follow/src/wall_follow_node.cpp:105:13:[m[K [01;31m[Kerror: [m[Kâ€˜[01m[Kros[m[Kâ€™ has not been declared
[7.158s]   105 |         t = [01;31m[Kros[m[K::Time::now();
[7.159s]       |             [01;31m[K^~~[m[K
[7.166s] [01m[K/sim_ws/src/wall_follow/src/wall_follow_node.cpp:[m[K In member function â€˜[01m[Kvoid WallFollow::pid_control(double)[m[Kâ€™:
[7.168s] [01m[K/sim_ws/src/wall_follow/src/wall_follow_node.cpp:136:53:[m[K [01;31m[Kerror: [m[Kâ€˜[01m[Kt[m[Kâ€™ was not declared in this scope; did you mean â€˜[01m[Ktm[m[Kâ€™?
[7.168s]   136 |         double derivative = (error - prev_error) / ([01;31m[Kt[m[K-dt).toSec();
[7.169s]       |                                                     [01;31m[K^[m[K
[7.169s]       |                                                     [32m[Ktm[m[K
[7.172s] [01m[K/sim_ws/src/wall_follow/src/wall_follow_node.cpp:136:55:[m[K [01;31m[Kerror: [m[Kâ€˜[01m[Kdt[m[Kâ€™ was not declared in this scope
[7.173s]   136 |         double derivative = (error - prev_error) / (t-[01;31m[Kdt[m[K).toSec();
[7.173s]       |                                                       [01;31m[K^~[m[K
[7.177s] [01m[K/sim_ws/src/wall_follow/src/wall_follow_node.cpp:139:9:[m[K [01;31m[Kerror: [m[Kâ€˜[01m[Kprev_t[m[Kâ€™ was not declared in this scope; did you mean â€˜[01m[Kdev_t[m[Kâ€™?
[7.177s]   139 |         [01;31m[Kprev_t[m[K = t;
[7.178s]       |         [01;31m[K^~~~~~[m[K
[7.178s]       |         [32m[Kdev_t[m[K
[13.392s] make[2]: *** [CMakeFiles/wall_follow_node.dir/build.make:63: CMakeFiles/wall_follow_node.dir/src/wall_follow_node.cpp.o] Error 1
[13.394s] make[1]: *** [CMakeFiles/Makefile2:78: CMakeFiles/wall_follow_node.dir/all] Error 2
[13.396s] make: *** [Makefile:141: all] Error 2
[13.404s] Invoked command in '/sim_ws/build/wall_follow' returned '2': CMAKE_PREFIX_PATH=${CMAKE_PREFIX_PATH}:/sim_ws/install/f1tenth_gym_ros:/opt/ros/foxy /usr/bin/cmake --build /sim_ws/build/wall_follow -- -j4 -l4
