[0.894s] Invoking command in '/sim_ws/build/wall_follow': CMAKE_PREFIX_PATH=${CMAKE_PREFIX_PATH}:/sim_ws/install/f1tenth_gym_ros:/opt/ros/foxy /usr/bin/cmake --build /sim_ws/build/wall_follow -- -j4 -l4
[1.098s] [35m[1mScanning dependencies of target wall_follow_node[0m
[1.394s] [ 50%] [32mBuilding CXX object CMakeFiles/wall_follow_node.dir/src/wall_follow_node.cpp.o[0m
[5.667s] [01m[K/sim_ws/src/wall_follow/src/wall_follow_node.cpp:38:29:[m[K [01;31m[Kerror: [m[Kâ€˜[01m[Kparameter[m[Kâ€™ is not a member of â€˜[01m[Krclcpp[m[Kâ€™; did you mean â€˜[01m[KParameter[m[Kâ€™?
[5.667s]    38 |     std::shared_ptr<rclcpp::[01;31m[Kparameter[m[K::ParameterClient> parameter_client_;
[5.668s]       |                             [01;31m[K^~~~~~~~~[m[K
[5.668s]       |                             [32m[KParameter[m[K
[5.668s] [01m[K/sim_ws/src/wall_follow/src/wall_follow_node.cpp:38:29:[m[K [01;31m[Kerror: [m[Kâ€˜[01m[Kparameter[m[Kâ€™ is not a member of â€˜[01m[Krclcpp[m[Kâ€™; did you mean â€˜[01m[KParameter[m[Kâ€™?
[5.668s]    38 |     std::shared_ptr<rclcpp::[01;31m[Kparameter[m[K::ParameterClient> parameter_client_;
[5.669s]       |                             [01;31m[K^~~~~~~~~[m[K
[5.669s]       |                             [32m[KParameter[m[K
[5.669s] [01m[K/sim_ws/src/wall_follow/src/wall_follow_node.cpp:38:55:[m[K [01;31m[Kerror: [m[Ktemplate argument 1 is invalid
[5.669s]    38 |     std::shared_ptr<rclcpp::parameter::ParameterClient[01;31m[K>[m[K parameter_client_;
[5.669s]       |                                                       [01;31m[K^[m[K
[5.786s] [01m[K/sim_ws/src/wall_follow/src/wall_follow_node.cpp:[m[K In constructor â€˜[01m[KWallFollow::WallFollow()[m[Kâ€™:
[5.787s] [01m[K/sim_ws/src/wall_follow/src/wall_follow_node.cpp:17:54:[m[K [01;31m[Kerror: [m[Kâ€˜[01m[Kparameter[m[Kâ€™ is not a member of â€˜[01m[Krclcpp[m[Kâ€™; did you mean â€˜[01m[KParameter[m[Kâ€™?
[5.787s]    17 |         parameter_client_ = std::make_shared<rclcpp::[01;31m[Kparameter[m[K::ParameterClient>(this);
[5.787s]       |                                                      [01;31m[K^~~~~~~~~[m[K
[5.787s]       |                                                      [32m[KParameter[m[K
[5.788s] [01m[K/sim_ws/src/wall_follow/src/wall_follow_node.cpp:17:54:[m[K [01;31m[Kerror: [m[Kâ€˜[01m[Kparameter[m[Kâ€™ is not a member of â€˜[01m[Krclcpp[m[Kâ€™; did you mean â€˜[01m[KParameter[m[Kâ€™?
[5.788s]    17 |         parameter_client_ = std::make_shared<rclcpp::[01;31m[Kparameter[m[K::ParameterClient>(this);
[5.788s]       |                                                      [01;31m[K^~~~~~~~~[m[K
[5.789s]       |                                                      [32m[KParameter[m[K
[5.789s] [01m[K/sim_ws/src/wall_follow/src/wall_follow_node.cpp:17:34:[m[K [01;31m[Kerror: [m[Kparse error in template argument list
[5.789s]    17 |         parameter_client_ = std::[01;31m[Kmake_shared<rclcpp::parameter::ParameterClient>[m[K(this);
[5.790s]       |                                  [01;31m[K^~~~~~~~~~~~~~~~~~~~~~~~~~~~~~~~~~~~~~~~~~~~~~~[m[K
[5.790s] [01m[K/sim_ws/src/wall_follow/src/wall_follow_node.cpp:17:86:[m[K [01;31m[Kerror: [m[Kno matching function for call to â€˜[01m[Kmake_shared<<expression error> >(WallFollow*)[m[Kâ€™
[5.791s]    17 |         parameter_client_ = std::make_shared<rclcpp::parameter::ParameterClient>(this[01;31m[K)[m[K;
[5.791s]       |                                                                                      [01;31m[K^[m[K
[5.792s] In file included from [01m[K/usr/include/c++/9/memory:81[m[K,
[5.792s]                  from [01m[K/opt/ros/foxy/include/rclcpp/rclcpp.hpp:144[m[K,
[5.792s]                  from [01m[K/sim_ws/src/wall_follow/src/wall_follow_node.cpp:1[m[K:
[5.792s] [01m[K/usr/include/c++/9/bits/shared_ptr.h:714:5:[m[K [01;36m[Knote: [m[Kcandidate: â€˜[01m[Ktemplate<class _Tp, class ... _Args> std::shared_ptr<_Tp> std::make_shared(_Args&& ...)[m[Kâ€™
[5.793s]   714 |     [01;36m[Kmake_shared[m[K(_Args&&... __args)
[5.793s]       |     [01;36m[K^~~~~~~~~~~[m[K
[5.793s] [01m[K/usr/include/c++/9/bits/shared_ptr.h:714:5:[m[K [01;36m[Knote: [m[K  template argument deduction/substitution failed:
[5.793s] [01m[K/sim_ws/src/wall_follow/src/wall_follow_node.cpp:17:86:[m[K [01;31m[Kerror: [m[Ktemplate argument 1 is invalid
[5.794s]    17 |         parameter_client_ = std::make_shared<rclcpp::parameter::ParameterClient>(this[01;31m[K)[m[K;
[5.795s]       |                                                                                      [01;31m[K^[m[K
[10.784s] make[2]: *** [CMakeFiles/wall_follow_node.dir/build.make:63: CMakeFiles/wall_follow_node.dir/src/wall_follow_node.cpp.o] Error 1
[10.785s] make[1]: *** [CMakeFiles/Makefile2:78: CMakeFiles/wall_follow_node.dir/all] Error 2
[10.786s] make: *** [Makefile:141: all] Error 2
[10.788s] Invoked command in '/sim_ws/build/wall_follow' returned '2': CMAKE_PREFIX_PATH=${CMAKE_PREFIX_PATH}:/sim_ws/install/f1tenth_gym_ros:/opt/ros/foxy /usr/bin/cmake --build /sim_ws/build/wall_follow -- -j4 -l4
